TN:
SF:components/accessibility-provider.tsx
FN:22,useAccessibility
FN:36,AccessibilityProvider
FN:47,(anonymous_12)
FN:84,AccessibilityUtilities
FN:95,(anonymous_14)
FN:103,(anonymous_15)
FN:114,SkipToMainContent
FN:119,(anonymous_17)
FN:129,(anonymous_18)
FN:141,ScreenReaderOnly
FN:146,FocusIndicator
FNF:11
FNH:0
FNDA:0,useAccessibility
FNDA:0,AccessibilityProvider
FNDA:0,(anonymous_12)
FNDA:0,AccessibilityUtilities
FNDA:0,(anonymous_14)
FNDA:0,(anonymous_15)
FNDA:0,SkipToMainContent
FNDA:0,(anonymous_17)
FNDA:0,(anonymous_18)
FNDA:0,ScreenReaderOnly
FNDA:0,FocusIndicator
DA:3,0
DA:8,0
DA:18,0
DA:22,0
DA:23,0
DA:24,0
DA:25,0
DA:29,0
DA:36,0
DA:39,0
DA:40,0
DA:41,0
DA:43,0
DA:44,0
DA:47,0
DA:48,0
DA:50,0
DA:51,0
DA:53,0
DA:56,0
DA:57,0
DA:59,0
DA:68,0
DA:84,0
DA:90,0
DA:95,0
DA:103,0
DA:114,0
DA:120,0
DA:121,0
DA:122,0
DA:123,0
DA:124,0
DA:125,0
DA:126,0
DA:127,0
DA:130,0
DA:131,0
DA:132,0
DA:141,0
DA:146,0
LF:41
LH:0
BRDA:24,0,0,0
BRDA:50,1,0,0
BRDA:50,1,1,0
BRDA:50,2,0,0
BRDA:50,2,1,0
BRDA:56,3,0,0
BRDA:56,3,1,0
BRDA:56,4,0,0
BRDA:56,4,1,0
BRDA:69,5,0,0
BRDA:69,5,1,0
BRDA:70,6,0,0
BRDA:70,6,1,0
BRDA:97,7,0,0
BRDA:97,7,1,0
BRDA:99,8,0,0
BRDA:99,8,1,0
BRDA:105,9,0,0
BRDA:105,9,1,0
BRDA:107,10,0,0
BRDA:107,10,1,0
BRDA:148,11,0,0
BRF:22
BRH:0
end_of_record
TN:
SF:components/accessible-button.tsx
FN:24,(anonymous_4)
FNF:1
FNH:0
FNDA:0,(anonymous_4)
DA:1,0
DA:2,0
DA:3,0
DA:20,0
DA:37,0
DA:71,0
LF:6
LH:0
BRDA:27,0,0,0
BRDA:28,1,0,0
BRDA:29,2,0,0
BRDA:30,3,0,0
BRDA:37,4,0,0
BRDA:37,4,1,0
BRDA:55,5,0,0
BRDA:55,5,1,0
BRF:8
BRH:0
end_of_record
TN:
SF:components/accessible-input.tsx
FN:19,(anonymous_4)
FNF:1
FNH:0
FNDA:0,(anonymous_4)
DA:1,0
DA:2,0
DA:3,0
DA:4,0
DA:15,0
DA:32,0
DA:33,0
DA:34,0
DA:35,0
DA:88,0
LF:10
LH:0
BRDA:25,0,0,0
BRDA:26,1,0,0
BRDA:32,2,0,0
BRDA:32,2,1,0
BRDA:33,3,0,0
BRDA:33,3,1,0
BRDA:34,4,0,0
BRDA:34,4,1,0
BRDA:43,5,0,0
BRDA:43,5,1,0
BRDA:44,6,0,0
BRDA:44,6,1,0
BRDA:44,6,2,0
BRDA:58,7,0,0
BRDA:58,7,1,0
BRDA:61,8,0,0
BRDA:61,8,1,0
BRDA:62,9,0,0
BRDA:62,9,1,0
BRDA:67,10,0,0
BRDA:73,11,0,0
BRF:21
BRH:0
end_of_record
TN:
SF:components/accessible-modal.tsx
FN:22,AccessibleModal
FN:36,(anonymous_7)
FN:46,(anonymous_8)
FN:49,(anonymous_9)
FN:56,(anonymous_10)
FN:71,(anonymous_11)
FN:103,AccessibleModalTrigger
FNF:7
FNH:0
FNDA:0,AccessibleModal
FNDA:0,(anonymous_7)
FNDA:0,(anonymous_8)
FNDA:0,(anonymous_9)
FNDA:0,(anonymous_10)
FNDA:0,(anonymous_11)
FNDA:0,AccessibleModalTrigger
DA:1,0
DA:7,0
DA:8,0
DA:9,0
DA:22,0
DA:32,0
DA:33,0
DA:36,0
DA:37,0
DA:38,0
DA:39,0
DA:41,0
DA:46,0
DA:47,0
DA:49,0
DA:50,0
DA:51,0
DA:55,0
DA:56,0
DA:59,0
DA:72,0
DA:73,0
DA:103,0
LF:23
LH:0
BRDA:28,0,0,0
BRDA:29,1,0,0
BRDA:30,2,0,0
BRDA:37,3,0,0
BRDA:37,3,1,0
BRDA:39,4,0,0
BRDA:47,5,0,0
BRDA:47,6,0,0
BRDA:47,6,1,0
BRDA:50,7,0,0
BRDA:72,8,0,0
BRDA:107,9,0,0
BRF:12
BRH:0
end_of_record
TN:
SF:components/accessible-table.tsx
FN:23,(anonymous_10)
FN:61,AccessibleTableHeader
FN:80,AccessibleTableHead
FN:88,(anonymous_13)
FN:94,(anonymous_14)
FN:136,AccessibleTableBody
FN:150,AccessibleTableRow
FN:179,AccessibleTableCell
FNF:8
FNH:0
FNDA:0,(anonymous_10)
FNDA:0,AccessibleTableHeader
FNDA:0,AccessibleTableHead
FNDA:0,(anonymous_13)
FNDA:0,(anonymous_14)
FNDA:0,AccessibleTableBody
FNDA:0,AccessibleTableRow
FNDA:0,AccessibleTableCell
DA:1,0
DA:9,0
DA:10,0
DA:19,0
DA:54,0
DA:61,0
DA:80,0
DA:88,0
DA:89,0
DA:90,0
DA:94,0
DA:95,0
DA:96,0
DA:97,0
DA:136,0
DA:150,0
DA:179,0
LF:17
LH:0
BRDA:24,0,0,0
BRDA:35,1,0,0
BRDA:35,1,1,0
BRDA:43,2,0,0
BRDA:43,2,1,0
BRDA:83,3,0,0
BRDA:84,4,0,0
BRDA:89,5,0,0
BRDA:89,6,0,0
BRDA:89,6,1,0
BRDA:95,7,0,0
BRDA:95,8,0,0
BRDA:95,8,1,0
BRDA:95,8,2,0
BRDA:95,8,3,0
BRDA:105,9,0,0
BRDA:105,9,1,0
BRDA:108,10,0,0
BRDA:108,10,1,0
BRDA:111,11,0,0
BRDA:111,11,1,0
BRDA:112,12,0,0
BRDA:112,12,1,0
BRDA:117,13,0,0
BRDA:119,14,0,0
BRDA:119,14,1,0
BRDA:121,15,0,0
BRDA:121,15,1,0
BRDA:153,16,0,0
BRDA:154,17,0,0
BRDA:161,18,0,0
BRDA:161,18,1,0
BRDA:162,19,0,0
BRDA:162,19,1,0
BRDA:182,20,0,0
BRDA:189,21,0,0
BRDA:189,21,1,0
BRF:37
BRH:0
end_of_record
TN:
SF:components/add-inventory-dialog.tsx
FN:30,AddInventoryDialog
FN:42,(anonymous_2)
FN:60,(anonymous_3)
FN:61,(anonymous_4)
FN:79,(anonymous_5)
FN:94,(anonymous_6)
FN:116,(anonymous_7)
FN:141,(anonymous_8)
FN:151,(anonymous_9)
FN:162,(anonymous_10)
FN:172,(anonymous_11)
FN:178,(anonymous_12)
FNF:12
FNH:0
FNDA:0,AddInventoryDialog
FNDA:0,(anonymous_2)
FNDA:0,(anonymous_3)
FNDA:0,(anonymous_4)
FNDA:0,(anonymous_5)
FNDA:0,(anonymous_6)
FNDA:0,(anonymous_7)
FNDA:0,(anonymous_8)
FNDA:0,(anonymous_9)
FNDA:0,(anonymous_10)
FNDA:0,(anonymous_11)
FNDA:0,(anonymous_12)
DA:5,0
DA:13,0
DA:14,0
DA:15,0
DA:16,0
DA:17,0
DA:18,0
DA:19,0
DA:20,0
DA:21,0
DA:22,0
DA:30,0
DA:31,0
DA:32,0
DA:42,0
DA:43,0
DA:45,0
DA:46,0
DA:48,0
DA:57,0
DA:60,0
DA:61,0
DA:79,0
DA:94,0
DA:116,0
DA:141,0
DA:151,0
DA:162,0
DA:172,0
DA:178,0
LF:30
LH:0
BRDA:126,0,0,0
BRF:1
BRH:0
end_of_record
TN:
SF:components/dashboard-layout.tsx
FN:59,DashboardLayoutInner
FN:68,(anonymous_3)
FN:74,(anonymous_4)
FN:79,(anonymous_5)
FN:122,(anonymous_6)
FN:134,(anonymous_7)
FN:166,(anonymous_8)
FN:197,(anonymous_9)
FN:276,DashboardLayout
FNF:9
FNH:0
FNDA:0,DashboardLayoutInner
FNDA:0,(anonymous_3)
FNDA:0,(anonymous_4)
FNDA:0,(anonymous_5)
FNDA:0,(anonymous_6)
FNDA:0,(anonymous_7)
FNDA:0,(anonymous_8)
FNDA:0,(anonymous_9)
FNDA:0,DashboardLayout
DA:4,0
DA:5,0
DA:6,0
DA:7,0
DA:8,0
DA:9,0
DA:10,0
DA:11,0
DA:12,0
DA:26,0
DA:27,0
DA:28,0
DA:36,0
DA:37,0
DA:38,0
DA:41,0
DA:60,0
DA:61,0
DA:62,0
DA:63,0
DA:64,0
DA:65,0
DA:68,0
DA:74,0
DA:75,0
DA:79,0
DA:80,0
DA:81,0
DA:87,0
DA:92,0
DA:123,0
DA:125,0
DA:134,0
DA:167,0
DA:169,0
DA:197,0
DA:276,0
DA:278,0
LF:38
LH:0
BRDA:70,0,0,0
BRDA:70,0,1,0
BRDA:113,1,0,0
BRDA:113,1,1,0
BRDA:130,2,0,0
BRDA:130,2,1,0
BRDA:156,3,0,0
BRDA:156,3,1,0
BRDA:174,4,0,0
BRDA:174,4,1,0
BRDA:205,5,0,0
BRDA:205,5,1,0
BRF:12
BRH:0
end_of_record
TN:
SF:components/delivery-scheduler.tsx
FN:22,DeliveryScheduler
FN:36,(anonymous_2)
FN:56,(anonymous_3)
FN:57,(anonymous_4)
FN:84,(anonymous_5)
FN:95,(anonymous_6)
FN:113,(anonymous_7)
FN:132,(anonymous_8)
FN:141,(anonymous_9)
FN:179,(anonymous_10)
FN:204,(anonymous_11)
FN:219,(anonymous_12)
FN:241,(anonymous_13)
FN:250,(anonymous_14)
FNF:14
FNH:0
FNDA:0,DeliveryScheduler
FNDA:0,(anonymous_2)
FNDA:0,(anonymous_3)
FNDA:0,(anonymous_4)
FNDA:0,(anonymous_5)
FNDA:0,(anonymous_6)
FNDA:0,(anonymous_7)
FNDA:0,(anonymous_8)
FNDA:0,(anonymous_9)
FNDA:0,(anonymous_10)
FNDA:0,(anonymous_11)
FNDA:0,(anonymous_12)
FNDA:0,(anonymous_13)
FNDA:0,(anonymous_14)
DA:5,0
DA:6,0
DA:7,0
DA:8,0
DA:9,0
DA:10,0
DA:11,0
DA:12,0
DA:13,0
DA:14,0
DA:15,0
DA:22,0
DA:23,0
DA:24,0
DA:36,0
DA:37,0
DA:39,0
DA:40,0
DA:42,0
DA:53,0
DA:56,0
DA:57,0
DA:84,0
DA:95,0
DA:113,0
DA:132,0
DA:141,0
DA:179,0
DA:204,0
DA:219,0
DA:241,0
DA:250,0
LF:32
LH:0
BRDA:168,0,0,0
BRDA:168,0,1,0
BRF:2
BRH:0
end_of_record
TN:
SF:components/distribution-analytics.tsx
FN:88,DistributionAnalytics
FN:93,(anonymous_2)
FN:179,(anonymous_3)
FN:195,(anonymous_4)
FN:269,(anonymous_5)
FN:306,(anonymous_6)
FNF:6
FNH:0
FNDA:0,DistributionAnalytics
FNDA:0,(anonymous_2)
FNDA:0,(anonymous_3)
FNDA:0,(anonymous_4)
FNDA:0,(anonymous_5)
FNDA:0,(anonymous_6)
DA:3,0
DA:4,0
DA:18,0
DA:19,0
DA:22,0
DA:31,0
DA:38,0
DA:45,0
DA:88,0
DA:94,0
DA:180,0
DA:196,0
DA:270,0
DA:307,0
LF:14
LH:0
BRDA:106,0,0,0
BRF:1
BRH:0
end_of_record
TN:
SF:components/distribution-management.tsx
FN:86,(anonymous_1)
FN:101,(anonymous_2)
FN:114,(anonymous_3)
FN:129,DistributionManagement
FN:138,(anonymous_5)
FN:153,(anonymous_6)
FN:163,(anonymous_7)
FN:189,(anonymous_8)
FN:336,(anonymous_9)
FN:344,(anonymous_10)
FN:358,(anonymous_11)
FN:372,(anonymous_12)
FN:392,(anonymous_13)
FNF:13
FNH:0
FNDA:0,(anonymous_1)
FNDA:0,(anonymous_2)
FNDA:0,(anonymous_3)
FNDA:0,DistributionManagement
FNDA:0,(anonymous_5)
FNDA:0,(anonymous_6)
FNDA:0,(anonymous_7)
FNDA:0,(anonymous_8)
FNDA:0,(anonymous_9)
FNDA:0,(anonymous_10)
FNDA:0,(anonymous_11)
FNDA:0,(anonymous_12)
FNDA:0,(anonymous_13)
DA:3,0
DA:4,0
DA:5,0
DA:6,0
DA:7,0
DA:8,0
DA:9,0
DA:10,0
DA:11,0
DA:12,0
DA:13,0
DA:14,0
DA:28,0
DA:31,0
DA:86,0
DA:87,0
DA:89,0
DA:91,0
DA:93,0
DA:95,0
DA:97,0
DA:101,0
DA:102,0
DA:104,0
DA:106,0
DA:108,0
DA:110,0
DA:114,0
DA:115,0
DA:129,0
DA:130,0
DA:131,0
DA:132,0
DA:133,0
DA:136,0
DA:139,0
DA:140,0
DA:141,0
DA:148,0
DA:154,0
DA:161,0
DA:163,0
DA:165,0
DA:170,0
DA:172,0
DA:189,0
DA:336,0
DA:344,0
DA:358,0
DA:372,0
DA:393,0
LF:51
LH:0
BRDA:87,0,0,0
BRDA:87,0,1,0
BRDA:87,0,2,0
BRDA:87,0,3,0
BRDA:87,0,4,0
BRDA:102,1,0,0
BRDA:102,1,1,0
BRDA:102,1,2,0
BRDA:102,1,3,0
BRDA:140,2,0,0
BRDA:148,3,0,0
BRDA:161,4,0,0
BRDA:161,4,1,0
BRDA:165,5,0,0
BRDA:165,5,1,0
BRDA:165,5,2,0
BRDA:170,6,0,0
BRDA:170,6,1,0
BRDA:172,7,0,0
BRDA:172,7,1,0
BRDA:342,8,0,0
BRDA:342,8,1,0
BRDA:346,9,0,0
BRDA:346,9,1,0
BRDA:355,10,0,0
BRDA:355,10,1,0
BRDA:360,11,0,0
BRDA:360,11,1,0
BRDA:369,12,0,0
BRDA:369,12,1,0
BRDA:374,13,0,0
BRDA:374,13,1,0
BRDA:445,14,0,0
BRDA:483,15,0,0
BRF:34
BRH:0
end_of_record
TN:
SF:components/empty-states.tsx
FN:38,EmptyState
FN:69,NoDataEmptyState
FN:84,NoSearchResultsEmptyState
FN:122,ErrorEmptyState
FN:158,NoPermissionsEmptyState
FN:185,NoTanksEmptyState
FN:207,NoDeliveriesEmptyState
FN:229,NoAnalyticsEmptyState
FN:251,NoUsersEmptyState
FNF:9
FNH:0
FNDA:0,EmptyState
FNDA:0,NoDataEmptyState
FNDA:0,NoSearchResultsEmptyState
FNDA:0,ErrorEmptyState
FNDA:0,NoPermissionsEmptyState
FNDA:0,NoTanksEmptyState
FNDA:0,NoDeliveriesEmptyState
FNDA:0,NoAnalyticsEmptyState
FNDA:0,NoUsersEmptyState
DA:3,0
DA:10,0
DA:22,0
DA:38,0
DA:69,0
DA:84,0
DA:122,0
DA:158,0
DA:185,0
DA:207,0
DA:229,0
DA:251,0
LF:12
LH:0
BRDA:56,0,0,0
BRDA:57,1,0,0
BRDA:70,2,0,0
BRDA:71,3,0,0
BRDA:98,4,0,0
BRDA:98,4,1,0
BRDA:103,5,0,0
BRDA:103,5,1,0
BRDA:111,6,0,0
BRDA:111,6,1,0
BRDA:123,7,0,0
BRDA:124,8,0,0
BRDA:139,9,0,0
BRDA:139,9,1,0
BRDA:147,10,0,0
BRDA:147,10,1,0
BRDA:159,11,0,0
BRDA:160,12,0,0
BRDA:173,13,0,0
BRDA:173,13,1,0
BRDA:196,14,0,0
BRDA:196,14,1,0
BRDA:218,15,0,0
BRDA:218,15,1,0
BRDA:240,16,0,0
BRDA:240,16,1,0
BRDA:262,17,0,0
BRDA:262,17,1,0
BRF:28
BRH:0
end_of_record
TN:
SF:components/enhanced-tank-overview.tsx
FN:14,EnhancedTankOverview
FN:102,(anonymous_2)
FN:115,(anonymous_3)
FN:129,(anonymous_4)
FNF:4
FNH:0
FNDA:0,EnhancedTankOverview
FNDA:0,(anonymous_2)
FNDA:0,(anonymous_3)
FNDA:0,(anonymous_4)
DA:3,0
DA:4,0
DA:5,0
DA:6,0
DA:7,0
DA:8,0
DA:14,0
DA:15,0
DA:102,0
DA:103,0
DA:105,0
DA:107,0
DA:109,0
DA:111,0
DA:115,0
DA:116,0
DA:130,0
DA:132,0
LF:18
LH:0
BRDA:103,0,0,0
BRDA:103,0,1,0
BRDA:103,0,2,0
BRDA:103,0,3,0
BRF:4
BRH:0
end_of_record
TN:
SF:components/error-boundary.tsx
FN:32,(anonymous_9)
FN:91,(anonymous_10)
FN:99,(anonymous_11)
FN:41,(anonymous_12)
FN:49,(anonymous_13)
FN:103,(anonymous_14)
FN:272,(anonymous_15)
FN:281,WrappedComponent
FN:296,useErrorHandler
FN:297,(anonymous_18)
FN:312,ComponentErrorBoundary
FN:327,CriticalErrorBoundary
FNF:12
FNH:0
FNDA:0,(anonymous_9)
FNDA:0,(anonymous_10)
FNDA:0,(anonymous_11)
FNDA:0,(anonymous_12)
FNDA:0,(anonymous_13)
FNDA:0,(anonymous_14)
FNDA:0,(anonymous_15)
FNDA:0,WrappedComponent
FNDA:0,useErrorHandler
FNDA:0,(anonymous_18)
FNDA:0,ComponentErrorBoundary
FNDA:0,CriticalErrorBoundary
DA:3,0
DA:4,0
DA:11,0
DA:12,0
DA:13,0
DA:14,0
DA:31,0
DA:33,0
DA:34,0
DA:42,0
DA:50,0
DA:56,0
DA:57,0
DA:61,0
DA:74,0
DA:87,0
DA:92,0
DA:100,0
DA:104,0
DA:105,0
DA:106,0
DA:113,0
DA:114,0
DA:115,0
DA:118,0
DA:154,0
DA:267,0
DA:272,0
DA:281,0
DA:296,0
DA:297,0
DA:299,0
DA:300,0
DA:308,0
DA:312,0
DA:327,0
LF:36
LH:0
BRDA:56,0,0,0
BRDA:69,1,0,0
BRDA:69,1,1,0
BRDA:82,2,0,0
BRDA:82,2,1,0
BRDA:104,3,0,0
BRDA:105,4,0,0
BRDA:110,5,0,0
BRDA:111,6,0,0
BRDA:112,7,0,0
BRDA:115,8,0,0
BRDA:115,8,1,0
BRDA:118,9,0,0
BRDA:132,10,0,0
BRDA:142,11,0,0
BRDA:142,11,1,0
BRDA:154,12,0,0
BRDA:171,13,0,0
BRDA:171,13,1,0
BRDA:177,14,0,0
BRDA:190,15,0,0
BRDA:226,16,0,0
BRDA:226,16,1,0
BRDA:232,17,0,0
BRDA:246,18,0,0
BRDA:299,19,0,0
BRF:26
BRH:0
end_of_record
TN:
SF:components/fleet-tracker.tsx
FN:106,(anonymous_1)
FN:121,(anonymous_2)
FN:136,(anonymous_3)
FN:142,FleetTracker
FN:154,(anonymous_5)
FN:172,(anonymous_6)
FN:202,(anonymous_7)
FN:205,(anonymous_8)
FN:208,(anonymous_9)
FN:211,(anonymous_10)
FN:292,(anonymous_11)
FN:300,(anonymous_12)
FN:310,(anonymous_13)
FN:322,(anonymous_14)
FN:341,(anonymous_15)
FNF:15
FNH:0
FNDA:0,(anonymous_1)
FNDA:0,(anonymous_2)
FNDA:0,(anonymous_3)
FNDA:0,FleetTracker
FNDA:0,(anonymous_5)
FNDA:0,(anonymous_6)
FNDA:0,(anonymous_7)
FNDA:0,(anonymous_8)
FNDA:0,(anonymous_9)
FNDA:0,(anonymous_10)
FNDA:0,(anonymous_11)
FNDA:0,(anonymous_12)
FNDA:0,(anonymous_13)
FNDA:0,(anonymous_14)
FNDA:0,(anonymous_15)
DA:3,0
DA:4,0
DA:5,0
DA:6,0
DA:19,0
DA:20,0
DA:21,0
DA:22,0
DA:106,0
DA:107,0
DA:121,0
DA:122,0
DA:124,0
DA:126,0
DA:128,0
DA:130,0
DA:132,0
DA:136,0
DA:137,0
DA:138,0
DA:139,0
DA:142,0
DA:143,0
DA:144,0
DA:145,0
DA:152,0
DA:156,0
DA:157,0
DA:158,0
DA:159,0
DA:160,0
DA:167,0
DA:173,0
DA:180,0
DA:191,0
DA:194,0
DA:201,0
DA:202,0
DA:204,0
DA:205,0
DA:207,0
DA:208,0
DA:211,0
DA:213,0
DA:218,0
DA:220,0
DA:292,0
DA:300,0
DA:310,0
DA:322,0
DA:342,0
LF:51
LH:0
BRDA:122,0,0,0
BRDA:122,0,1,0
BRDA:122,0,2,0
BRDA:122,0,3,0
BRDA:122,0,4,0
BRDA:137,1,0,0
BRDA:138,2,0,0
BRDA:157,3,0,0
BRDA:167,4,0,0
BRDA:180,5,0,0
BRDA:191,6,0,0
BRDA:191,6,1,0
BRDA:213,7,0,0
BRDA:213,7,1,0
BRDA:213,7,2,0
BRDA:218,8,0,0
BRDA:218,8,1,0
BRDA:220,9,0,0
BRDA:220,9,1,0
BRDA:298,10,0,0
BRDA:298,10,1,0
BRDA:302,11,0,0
BRDA:302,11,1,0
BRDA:308,12,0,0
BRDA:308,12,1,0
BRDA:312,13,0,0
BRDA:312,13,1,0
BRDA:320,14,0,0
BRDA:320,14,1,0
BRDA:324,15,0,0
BRDA:324,15,1,0
BRDA:363,16,0,0
BRDA:369,17,0,0
BRDA:427,18,0,0
BRDA:434,19,0,0
BRDA:488,20,0,0
BRF:36
BRH:0
end_of_record
TN:
SF:components/index.ts
FNF:0
FNH:0
DA:4,0
DA:5,0
DA:6,0
DA:7,0
DA:8,0
DA:9,0
DA:10,0
DA:11,0
DA:14,0
DA:15,0
DA:16,0
DA:17,0
DA:20,0
DA:21,0
DA:22,0
DA:25,0
DA:26,0
DA:27,0
DA:31,0
DA:32,0
DA:33,0
DA:34,0
DA:35,0
DA:37,0
DA:38,0
DA:39,0
DA:40,0
DA:41,0
DA:42,0
DA:43,0
DA:44,0
DA:45,0
DA:46,0
DA:48,0
DA:49,0
DA:50,0
DA:51,0
DA:52,0
DA:53,0
DA:54,0
DA:55,0
DA:56,0
DA:57,0
DA:58,0
DA:59,0
DA:60,0
DA:63,0
DA:64,0
DA:65,0
DA:66,0
DA:67,0
DA:68,0
DA:72,0
DA:73,0
DA:74,0
DA:75,0
DA:78,0
LF:57
LH:0
BRF:0
BRH:0
end_of_record
TN:
SF:components/inventory-management.tsx
FN:37,(anonymous_1)
FN:48,(anonymous_2)
FN:109,(anonymous_3)
FN:115,(anonymous_4)
FN:121,(anonymous_5)
FN:127,(anonymous_6)
FN:160,(anonymous_7)
FN:184,(anonymous_8)
FN:250,(anonymous_9)
FNF:9
FNH:0
FNDA:0,(anonymous_1)
FNDA:0,(anonymous_2)
FNDA:0,(anonymous_3)
FNDA:0,(anonymous_4)
FNDA:0,(anonymous_5)
FNDA:0,(anonymous_6)
FNDA:0,(anonymous_7)
FNDA:0,(anonymous_8)
FNDA:0,(anonymous_9)
DA:3,0
DA:4,0
DA:5,0
DA:6,0
DA:8,0
DA:9,0
DA:10,0
DA:11,0
DA:25,0
DA:26,0
DA:27,0
DA:28,0
DA:29,0
DA:30,0
DA:31,0
DA:37,0
DA:40,0
DA:41,0
DA:42,0
DA:43,0
DA:46,0
DA:49,0
DA:50,0
DA:51,0
DA:58,0
DA:105,0
DA:109,0
DA:161,0
DA:185,0
DA:250,0
LF:30
LH:0
BRDA:41,0,0,0
BRDA:41,0,1,0
BRDA:50,1,0,0
BRDA:149,2,0,0
BRDA:149,2,1,0
BRDA:204,3,0,0
BRDA:204,3,1,0
BRDA:206,4,0,0
BRDA:206,4,1,0
BRDA:211,5,0,0
BRDA:214,6,0,0
BRDA:320,7,0,0
BRDA:320,7,1,0
BRDA:328,8,0,0
BRDA:328,8,1,0
BRDA:334,9,0,0
BRDA:334,9,1,0
BRDA:340,10,0,0
BRDA:340,10,1,0
BRDA:346,11,0,0
BRDA:346,11,1,0
BRDA:355,12,0,0
BRDA:355,12,1,0
BRDA:355,12,2,0
BRF:24
BRH:0
end_of_record
TN:
SF:components/iot-monitoring.tsx
FN:13,IoTMonitoring
FN:124,(anonymous_2)
FN:137,(anonymous_3)
FN:150,(anonymous_4)
FN:169,(anonymous_5)
FN:188,(anonymous_6)
FNF:6
FNH:0
FNDA:0,IoTMonitoring
FNDA:0,(anonymous_2)
FNDA:0,(anonymous_3)
FNDA:0,(anonymous_4)
FNDA:0,(anonymous_5)
FNDA:0,(anonymous_6)
DA:3,0
DA:4,0
DA:5,0
DA:6,0
DA:7,0
DA:13,0
DA:14,0
DA:89,0
DA:124,0
DA:125,0
DA:127,0
DA:129,0
DA:131,0
DA:133,0
DA:137,0
DA:138,0
DA:150,0
DA:151,0
DA:170,0
DA:189,0
LF:20
LH:0
BRDA:125,0,0,0
BRDA:125,0,1,0
BRDA:125,0,2,0
BRDA:125,0,3,0
BRDA:241,1,0,0
BRDA:245,2,0,0
BRDA:245,2,1,0
BRF:7
BRH:0
end_of_record
TN:
SF:components/lazy-wrapper.tsx
FN:16,LazyWrapper
FN:41,DefaultFallback
FN:52,withLazyLoading
FN:56,LazyComponent
FN:66,createLazyComponent
FN:72,LazyWrapperComponent
FNF:6
FNH:0
FNDA:0,LazyWrapper
FNDA:0,DefaultFallback
FNDA:0,withLazyLoading
FNDA:0,LazyComponent
FNDA:0,createLazyComponent
FNDA:0,LazyWrapperComponent
DA:3,0
DA:4,0
DA:5,0
DA:16,0
DA:24,0
DA:52,0
DA:56,0
DA:66,0
DA:70,0
DA:72,0
LF:10
LH:0
BRDA:18,0,0,0
BRDA:19,1,0,0
BRDA:20,2,0,0
BRDA:21,3,0,0
BRDA:32,4,0,0
BRDA:32,4,1,0
BRF:6
BRH:0
end_of_record
TN:
SF:components/loading-states.tsx
FN:8,CardSkeleton
FN:18,TableSkeleton
FN:21,(anonymous_12)
FN:33,ChartSkeleton
FN:47,ListSkeleton
FN:50,(anonymous_15)
FN:64,LoadingSpinner
FN:78,LoadingProgress
FN:94,LoadingButton
FN:121,PageLoadingOverlay
FN:137,InlineLoading
FNF:11
FNH:0
FNDA:0,CardSkeleton
FNDA:0,TableSkeleton
FNDA:0,(anonymous_12)
FNDA:0,ChartSkeleton
FNDA:0,ListSkeleton
FNDA:0,(anonymous_15)
FNDA:0,LoadingSpinner
FNDA:0,LoadingProgress
FNDA:0,LoadingButton
FNDA:0,PageLoadingOverlay
FNDA:0,InlineLoading
DA:3,0
DA:4,0
DA:5,0
DA:8,0
DA:18,0
DA:22,0
DA:33,0
DA:47,0
DA:51,0
DA:64,0
DA:69,0
DA:78,0
DA:94,0
DA:121,0
DA:137,0
LF:15
LH:0
BRDA:18,0,0,0
BRDA:47,1,0,0
BRDA:65,2,0,0
BRDA:87,3,0,0
BRDA:105,4,0,0
BRDA:105,4,1,0
BRDA:106,5,0,0
BRDA:106,5,1,0
BRDA:108,6,0,0
BRDA:108,6,1,0
BRDA:122,7,0,0
BRDA:141,8,0,0
BRF:12
BRH:0
end_of_record
TN:
SF:components/mobile-gestures.tsx
FN:27,MobileGestures
FN:52,(anonymous_8)
FN:66,(anonymous_9)
FN:73,(anonymous_10)
FN:90,(anonymous_11)
FN:112,(anonymous_12)
FN:155,(anonymous_13)
FN:156,(anonymous_14)
FN:191,SwipeableCard
FN:205,(anonymous_16)
FN:209,(anonymous_17)
FN:219,(anonymous_18)
FN:236,(anonymous_19)
FN:301,PullToRefresh
FN:313,(anonymous_21)
FN:322,(anonymous_22)
FN:337,(anonymous_23)
FNF:17
FNH:0
FNDA:0,MobileGestures
FNDA:0,(anonymous_8)
FNDA:0,(anonymous_9)
FNDA:0,(anonymous_10)
FNDA:0,(anonymous_11)
FNDA:0,(anonymous_12)
FNDA:0,(anonymous_13)
FNDA:0,(anonymous_14)
FNDA:0,SwipeableCard
FNDA:0,(anonymous_16)
FNDA:0,(anonymous_17)
FNDA:0,(anonymous_18)
FNDA:0,(anonymous_19)
FNDA:0,PullToRefresh
FNDA:0,(anonymous_21)
FNDA:0,(anonymous_22)
FNDA:0,(anonymous_23)
DA:3,0
DA:4,0
DA:5,0
DA:27,0
DA:35,0
DA:36,0
DA:37,0
DA:42,0
DA:47,0
DA:48,0
DA:52,0
DA:53,0
DA:55,0
DA:56,0
DA:58,0
DA:65,0
DA:66,0
DA:67,0
DA:69,0
DA:73,0
DA:74,0
DA:77,0
DA:78,0
DA:79,0
DA:82,0
DA:83,0
DA:90,0
DA:91,0
DA:94,0
DA:95,0
DA:96,0
DA:99,0
DA:100,0
DA:102,0
DA:109,0
DA:112,0
DA:113,0
DA:115,0
DA:116,0
DA:117,0
DA:118,0
DA:121,0
DA:122,0
DA:124,0
DA:125,0
DA:127,0
DA:131,0
DA:132,0
DA:134,0
DA:137,0
DA:139,0
DA:140,0
DA:142,0
DA:144,0
DA:145,0
DA:148,0
DA:149,0
DA:155,0
DA:156,0
DA:157,0
DA:158,0
DA:163,0
DA:191,0
DA:199,0
DA:200,0
DA:201,0
DA:205,0
DA:206,0
DA:209,0
DA:210,0
DA:212,0
DA:213,0
DA:215,0
DA:216,0
DA:219,0
DA:220,0
DA:222,0
DA:223,0
DA:224,0
DA:225,0
DA:226,0
DA:230,0
DA:231,0
DA:234,0
DA:236,0
DA:237,0
DA:238,0
DA:239,0
DA:301,0
DA:307,0
DA:308,0
DA:309,0
DA:310,0
DA:311,0
DA:313,0
DA:314,0
DA:315,0
DA:322,0
DA:323,0
DA:325,0
DA:326,0
DA:327,0
DA:330,0
DA:331,0
DA:332,0
DA:333,0
DA:337,0
DA:338,0
DA:340,0
DA:342,0
DA:343,0
DA:344,0
DA:345,0
DA:347,0
DA:351,0
DA:352,0
LF:116
LH:0
BRDA:31,0,0,0
BRDA:32,1,0,0
BRDA:33,2,0,0
BRDA:53,3,0,0
BRDA:65,4,0,0
BRDA:74,5,0,0
BRDA:74,6,0,0
BRDA:74,6,1,0
BRDA:77,7,0,0
BRDA:91,8,0,0
BRDA:91,9,0,0
BRDA:91,9,1,0
BRDA:94,10,0,0
BRDA:113,11,0,0
BRDA:113,12,0,0
BRDA:113,12,1,0
BRDA:121,13,0,0
BRDA:121,13,1,0
BRDA:121,14,0,0
BRDA:121,14,1,0
BRDA:122,15,0,0
BRDA:122,15,1,0
BRDA:124,16,0,0
BRDA:124,16,1,0
BRDA:131,17,0,0
BRDA:131,17,1,0
BRDA:137,18,0,0
BRDA:137,19,0,0
BRDA:137,19,1,0
BRDA:142,20,0,0
BRDA:142,20,1,0
BRDA:157,21,0,0
BRDA:163,22,0,0
BRDA:210,23,0,0
BRDA:213,24,0,0
BRDA:213,24,1,0
BRDA:216,25,0,0
BRDA:216,25,1,0
BRDA:222,26,0,0
BRDA:223,27,0,0
BRDA:223,27,1,0
BRDA:223,28,0,0
BRDA:223,28,1,0
BRDA:225,29,0,0
BRDA:225,30,0,0
BRDA:225,30,1,0
BRDA:245,31,0,0
BRDA:250,32,0,0
BRDA:250,32,1,0
BRDA:250,33,0,0
BRDA:250,33,1,0
BRDA:260,34,0,0
BRDA:265,35,0,0
BRDA:265,35,1,0
BRDA:265,36,0,0
BRDA:265,36,1,0
BRDA:304,37,0,0
BRDA:314,38,0,0
BRDA:323,39,0,0
BRDA:323,40,0,0
BRDA:323,40,1,0
BRDA:330,41,0,0
BRDA:330,42,0,0
BRDA:330,42,1,0
BRDA:338,43,0,0
BRDA:342,44,0,0
BRDA:368,45,0,0
BRDA:368,45,1,0
BRDA:368,46,0,0
BRDA:368,46,1,0
BRDA:372,47,0,0
BRDA:372,47,1,0
BRDA:377,48,0,0
BRDA:393,49,0,0
BRDA:393,49,1,0
BRDA:394,50,0,0
BRDA:394,50,1,0
BRF:77
BRH:0
end_of_record
TN:
SF:components/mobile-layout.tsx
FN:21,MobileLayout
FN:36,(anonymous_8)
FN:42,(anonymous_9)
FN:46,(anonymous_10)
FN:51,(anonymous_11)
FN:52,(anonymous_12)
FN:59,(anonymous_13)
FN:63,(anonymous_14)
FN:70,(anonymous_15)
FN:207,MobileNavigation
FN:214,(anonymous_17)
FN:219,(anonymous_18)
FN:220,(anonymous_19)
FN:223,(anonymous_20)
FN:224,(anonymous_21)
FN:230,(anonymous_22)
FN:235,(anonymous_23)
FN:293,MobileBottomNav
FN:307,(anonymous_25)
FN:310,(anonymous_26)
FNF:20
FNH:0
FNDA:0,MobileLayout
FNDA:0,(anonymous_8)
FNDA:0,(anonymous_9)
FNDA:0,(anonymous_10)
FNDA:0,(anonymous_11)
FNDA:0,(anonymous_12)
FNDA:0,(anonymous_13)
FNDA:0,(anonymous_14)
FNDA:0,(anonymous_15)
FNDA:0,MobileNavigation
FNDA:0,(anonymous_17)
FNDA:0,(anonymous_18)
FNDA:0,(anonymous_19)
FNDA:0,(anonymous_20)
FNDA:0,(anonymous_21)
FNDA:0,(anonymous_22)
FNDA:0,(anonymous_23)
FNDA:0,MobileBottomNav
FNDA:0,(anonymous_25)
FNDA:0,(anonymous_26)
DA:3,0
DA:8,0
DA:9,0
DA:10,0
DA:11,0
DA:21,0
DA:28,0
DA:29,0
DA:30,0
DA:31,0
DA:32,0
DA:34,0
DA:36,0
DA:37,0
DA:38,0
DA:42,0
DA:43,0
DA:46,0
DA:47,0
DA:51,0
DA:52,0
DA:53,0
DA:54,0
DA:58,0
DA:59,0
DA:63,0
DA:64,0
DA:65,0
DA:67,0
DA:70,0
DA:71,0
DA:75,0
DA:207,0
DA:211,0
DA:212,0
DA:214,0
DA:215,0
DA:216,0
DA:219,0
DA:220,0
DA:223,0
DA:224,0
DA:227,0
DA:231,0
DA:235,0
DA:293,0
DA:294,0
DA:295,0
DA:297,0
DA:308,0
DA:310,0
LF:51
LH:0
BRDA:37,0,0,0
BRDA:53,1,0,0
BRDA:53,2,0,0
BRDA:53,2,1,0
BRDA:64,3,0,0
BRDA:64,3,1,0
BRDA:75,4,0,0
BRDA:75,5,0,0
BRDA:75,5,1,0
BRDA:79,6,0,0
BRDA:85,7,0,0
BRDA:94,8,0,0
BRDA:108,9,0,0
BRDA:143,10,0,0
BRDA:155,11,0,0
BRDA:164,12,0,0
BRDA:169,13,0,0
BRDA:169,13,1,0
BRDA:220,14,0,0
BRDA:220,14,1,0
BRDA:224,15,0,0
BRDA:224,15,1,0
BRDA:227,16,0,0
BRDA:233,17,0,0
BRDA:233,17,1,0
BRDA:297,18,0,0
BRDA:314,19,0,0
BRDA:314,19,1,0
BRDA:322,20,0,0
BRDA:322,20,1,0
BRDA:324,21,0,0
BRDA:324,21,1,0
BRF:32
BRH:0
end_of_record
TN:
SF:components/mobile-optimized-table.tsx
FN:31,MobileOptimizedTable
FN:46,(anonymous_7)
FN:47,(anonymous_8)
FN:58,(anonymous_9)
FN:66,(anonymous_10)
FN:78,(anonymous_11)
FN:108,(anonymous_12)
FN:119,(anonymous_13)
FN:130,(anonymous_14)
FN:159,(anonymous_15)
FN:178,(anonymous_16)
FN:206,(anonymous_17)
FN:213,(anonymous_18)
FN:229,(anonymous_19)
FN:236,(anonymous_20)
FN:238,(anonymous_21)
FN:250,(anonymous_22)
FN:279,MobileDataGrid
FN:293,(anonymous_24)
FN:324,(anonymous_25)
FN:331,(anonymous_26)
FN:334,(anonymous_27)
FNF:22
FNH:0
FNDA:0,MobileOptimizedTable
FNDA:0,(anonymous_7)
FNDA:0,(anonymous_8)
FNDA:0,(anonymous_9)
FNDA:0,(anonymous_10)
FNDA:0,(anonymous_11)
FNDA:0,(anonymous_12)
FNDA:0,(anonymous_13)
FNDA:0,(anonymous_14)
FNDA:0,(anonymous_15)
FNDA:0,(anonymous_16)
FNDA:0,(anonymous_17)
FNDA:0,(anonymous_18)
FNDA:0,(anonymous_19)
FNDA:0,(anonymous_20)
FNDA:0,(anonymous_21)
FNDA:0,(anonymous_22)
FNDA:0,MobileDataGrid
FNDA:0,(anonymous_24)
FNDA:0,(anonymous_25)
FNDA:0,(anonymous_26)
FNDA:0,(anonymous_27)
DA:3,0
DA:4,0
DA:5,0
DA:6,0
DA:7,0
DA:9,0
DA:31,0
DA:43,0
DA:44,0
DA:46,0
DA:47,0
DA:48,0
DA:49,0
DA:50,0
DA:52,0
DA:54,0
DA:58,0
DA:59,0
DA:62,0
DA:63,0
DA:66,0
DA:67,0
DA:75,0
DA:79,0
DA:90,0
DA:100,0
DA:109,0
DA:110,0
DA:111,0
DA:112,0
DA:113,0
DA:115,0
DA:119,0
DA:131,0
DA:160,0
DA:178,0
DA:207,0
DA:213,0
DA:230,0
DA:236,0
DA:239,0
DA:251,0
DA:252,0
DA:279,0
DA:288,0
DA:290,0
DA:294,0
DA:305,0
DA:315,0
DA:325,0
DA:331,0
DA:335,0
LF:52
LH:0
BRDA:40,0,0,0
BRDA:41,1,0,0
BRDA:49,2,0,0
BRDA:49,2,1,0
BRDA:59,3,0,0
BRDA:62,4,0,0
BRDA:62,4,1,0
BRDA:62,5,0,0
BRDA:62,5,1,0
BRDA:67,6,0,0
BRDA:69,7,0,0
BRDA:75,8,0,0
BRDA:90,9,0,0
BRDA:100,10,0,0
BRDA:104,11,0,0
BRDA:109,12,0,0
BRDA:109,12,1,0
BRDA:124,13,0,0
BRDA:124,13,1,0
BRDA:128,14,0,0
BRDA:133,15,0,0
BRDA:133,15,1,0
BRDA:145,16,0,0
BRDA:145,16,1,0
BRDA:148,17,0,0
BRDA:156,18,0,0
BRDA:156,18,1,0
BRDA:165,19,0,0
BRDA:165,19,1,0
BRDA:173,20,0,0
BRDA:198,21,0,0
BRDA:211,22,0,0
BRDA:211,22,1,0
BRDA:213,23,0,0
BRDA:213,23,1,0
BRDA:217,24,0,0
BRDA:217,24,1,0
BRDA:221,25,0,0
BRDA:234,26,0,0
BRDA:234,26,1,0
BRDA:240,27,0,0
BRDA:240,27,1,0
BRDA:245,28,0,0
BRDA:231,29,0,0
BRDA:231,29,1,0
BRDA:285,30,0,0
BRDA:286,31,0,0
BRDA:290,32,0,0
BRDA:305,33,0,0
BRDA:315,34,0,0
BRDA:315,34,1,0
BRDA:319,35,0,0
BRDA:329,36,0,0
BRDA:329,36,1,0
BRDA:340,37,0,0
BRDA:340,37,1,0
BRDA:326,38,0,0
BRDA:326,38,1,0
BRF:58
BRH:0
end_of_record
TN:
SF:components/modern-alerts-panel.tsx
FN:65,ModernAlertsPanel
FN:95,(anonymous_2)
FNF:2
FNH:0
FNDA:0,ModernAlertsPanel
FNDA:0,(anonymous_2)
DA:9,0
DA:10,0
DA:11,0
DA:12,0
DA:14,0
DA:65,0
DA:96,0
LF:7
LH:0
BRDA:115,0,0,0
BRDA:115,0,1,0
BRDA:117,1,0,0
BRDA:117,1,1,0
BRDA:122,2,0,0
BRDA:122,2,1,0
BRDA:124,3,0,0
BRDA:124,3,1,0
BRDA:153,4,0,0
BRF:9
BRH:0
end_of_record
TN:
SF:components/modern-dashboard-overview.tsx
FN:32,(anonymous_4)
FN:33,(anonymous_5)
FN:33,(anonymous_6)
FN:37,(anonymous_7)
FN:38,(anonymous_8)
FN:38,(anonymous_9)
FN:42,(anonymous_10)
FN:43,(anonymous_11)
FN:43,(anonymous_12)
FN:47,(anonymous_13)
FN:48,(anonymous_14)
FN:48,(anonymous_15)
FN:57,ModernDashboardOverview
FN:66,(anonymous_17)
FN:215,(anonymous_18)
FN:231,(anonymous_19)
FN:302,(anonymous_20)
FNF:17
FNH:0
FNDA:0,(anonymous_4)
FNDA:0,(anonymous_5)
FNDA:0,(anonymous_6)
FNDA:0,(anonymous_7)
FNDA:0,(anonymous_8)
FNDA:0,(anonymous_9)
FNDA:0,(anonymous_10)
FNDA:0,(anonymous_11)
FNDA:0,(anonymous_12)
FNDA:0,(anonymous_13)
FNDA:0,(anonymous_14)
FNDA:0,(anonymous_15)
FNDA:0,ModernDashboardOverview
FNDA:0,(anonymous_17)
FNDA:0,(anonymous_18)
FNDA:0,(anonymous_19)
FNDA:0,(anonymous_20)
DA:3,0
DA:4,0
DA:5,0
DA:6,0
DA:13,0
DA:14,0
DA:15,0
DA:16,0
DA:17,0
DA:29,0
DA:32,0
DA:33,0
DA:37,0
DA:38,0
DA:42,0
DA:43,0
DA:47,0
DA:48,0
DA:57,0
DA:60,0
DA:61,0
DA:64,0
DA:67,0
DA:68,0
DA:69,0
DA:76,0
DA:123,0
DA:162,0
DA:216,0
DA:232,0
DA:303,0
LF:31
LH:0
BRDA:61,0,0,0
BRDA:61,0,1,0
BRDA:68,1,0,0
BRDA:207,2,0,0
BRDA:207,2,1,0
BRDA:258,3,0,0
BRDA:264,4,0,0
BRDA:264,4,1,0
BRDA:313,5,0,0
BRDA:313,5,1,0
BRDA:315,6,0,0
BRDA:315,6,1,0
BRF:12
BRH:0
end_of_record
TN:
SF:components/modern-inventory-alerts.tsx
FN:12,ModernInventoryAlerts
FN:129,(anonymous_2)
FN:144,(anonymous_3)
FN:161,(anonymous_4)
FN:218,(anonymous_5)
FNF:5
FNH:0
FNDA:0,ModernInventoryAlerts
FNDA:0,(anonymous_2)
FNDA:0,(anonymous_3)
FNDA:0,(anonymous_4)
FNDA:0,(anonymous_5)
DA:3,0
DA:4,0
DA:5,0
DA:6,0
DA:12,0
DA:13,0
DA:94,0
DA:129,0
DA:130,0
DA:132,0
DA:134,0
DA:136,0
DA:138,0
DA:140,0
DA:144,0
DA:145,0
DA:147,0
DA:149,0
DA:151,0
DA:153,0
DA:162,0
DA:219,0
LF:22
LH:0
BRDA:130,0,0,0
BRDA:130,0,1,0
BRDA:130,0,2,0
BRDA:130,0,3,0
BRDA:130,0,4,0
BRDA:145,1,0,0
BRDA:145,1,1,0
BRDA:145,1,2,0
BRDA:145,1,3,0
BRDA:249,2,0,0
BRF:10
BRH:0
end_of_record
TN:
SF:components/modern-inventory-chart.tsx
FN:127,(anonymous_1)
FN:134,(anonymous_2)
FN:166,ModernInventoryChart
FN:296,(anonymous_4)
FN:305,(anonymous_5)
FN:378,(anonymous_6)
FN:422,(anonymous_7)
FNF:7
FNH:0
FNDA:0,(anonymous_1)
FNDA:0,(anonymous_2)
FNDA:0,ModernInventoryChart
FNDA:0,(anonymous_4)
FNDA:0,(anonymous_5)
FNDA:0,(anonymous_6)
FNDA:0,(anonymous_7)
DA:9,0
DA:10,0
DA:18,0
DA:26,0
DA:27,0
DA:34,0
DA:40,0
DA:42,0
DA:108,0
DA:127,0
DA:128,0
DA:129,0
DA:135,0
DA:163,0
DA:166,0
DA:167,0
DA:168,0
DA:169,0
DA:173,0
DA:175,0
DA:296,0
DA:305,0
DA:378,0
DA:423,0
LF:24
LH:0
BRDA:128,0,0,0
BRDA:128,1,0,0
BRDA:128,1,1,0
BRDA:128,1,2,0
BRDA:283,2,0,0
BRDA:283,2,1,0
BRDA:287,3,0,0
BRDA:287,3,1,0
BRF:8
BRH:0
end_of_record
TN:
SF:components/modern-inventory-history.tsx
FN:25,ModernInventoryHistory
FN:162,(anonymous_2)
FN:177,(anonymous_3)
FN:192,(anonymous_4)
FN:206,(anonymous_5)
FN:301,(anonymous_6)
FNF:6
FNH:0
FNDA:0,ModernInventoryHistory
FNDA:0,(anonymous_2)
FNDA:0,(anonymous_3)
FNDA:0,(anonymous_4)
FNDA:0,(anonymous_5)
FNDA:0,(anonymous_6)
DA:3,0
DA:4,0
DA:5,0
DA:6,0
DA:7,0
DA:19,0
DA:25,0
DA:26,0
DA:119,0
DA:162,0
DA:163,0
DA:177,0
DA:178,0
DA:180,0
DA:182,0
DA:184,0
DA:186,0
DA:188,0
DA:192,0
DA:193,0
DA:194,0
DA:195,0
DA:207,0
DA:302,0
DA:304,0
LF:25
LH:0
BRDA:178,0,0,0
BRDA:178,0,1,0
BRDA:178,0,2,0
BRDA:178,0,3,0
BRDA:178,0,4,0
BRDA:197,1,0,0
BRDA:197,1,1,0
BRDA:198,2,0,0
BRDA:198,2,1,0
BRDA:220,3,0,0
BRDA:225,4,0,0
BRDA:225,4,1,0
BRF:12
BRH:0
end_of_record
TN:
SF:components/modern-iot-monitoring.tsx
FN:23,ModernIoTMonitoring
FN:150,(anonymous_2)
FN:163,(anonymous_3)
FN:176,(anonymous_4)
FN:195,(anonymous_5)
FN:224,(anonymous_6)
FNF:6
FNH:0
FNDA:0,ModernIoTMonitoring
FNDA:0,(anonymous_2)
FNDA:0,(anonymous_3)
FNDA:0,(anonymous_4)
FNDA:0,(anonymous_5)
FNDA:0,(anonymous_6)
DA:3,0
DA:4,0
DA:5,0
DA:17,0
DA:23,0
DA:24,0
DA:111,0
DA:150,0
DA:151,0
DA:153,0
DA:155,0
DA:157,0
DA:159,0
DA:163,0
DA:164,0
DA:176,0
DA:177,0
DA:196,0
DA:225,0
LF:19
LH:0
BRDA:151,0,0,0
BRDA:151,0,1,0
BRDA:151,0,2,0
BRDA:151,0,3,0
BRDA:261,1,0,0
BRDA:277,2,0,0
BRDA:277,2,1,0
BRDA:279,3,0,0
BRDA:279,3,1,0
BRDA:298,4,0,0
BRDA:298,4,1,0
BRDA:300,5,0,0
BRDA:300,5,1,0
BRDA:312,6,0,0
BRDA:317,7,0,0
BRDA:317,7,1,0
BRF:16
BRH:0
end_of_record
TN:
SF:components/modern-predictive-analytics.tsx
FN:12,ModernPredictiveAnalytics
FN:99,(anonymous_2)
FN:114,(anonymous_3)
FN:130,(anonymous_4)
FN:176,(anonymous_5)
FNF:5
FNH:0
FNDA:0,ModernPredictiveAnalytics
FNDA:0,(anonymous_2)
FNDA:0,(anonymous_3)
FNDA:0,(anonymous_4)
FNDA:0,(anonymous_5)
DA:3,0
DA:4,0
DA:5,0
DA:6,0
DA:12,0
DA:13,0
DA:64,0
DA:99,0
DA:100,0
DA:102,0
DA:104,0
DA:106,0
DA:108,0
DA:110,0
DA:114,0
DA:115,0
DA:131,0
DA:177,0
LF:18
LH:0
BRDA:100,0,0,0
BRDA:100,0,1,0
BRDA:100,0,2,0
BRDA:100,0,3,0
BRDA:100,0,4,0
BRDA:115,1,0,0
BRF:6
BRH:0
end_of_record
TN:
SF:components/modern-sales-chart.tsx
FN:45,ModernSalesChart
FNF:1
FNH:0
FNDA:0,ModernSalesChart
DA:9,0
DA:14,0
DA:15,0
DA:16,0
DA:17,0
DA:19,0
DA:34,0
DA:45,0
LF:8
LH:0
BRF:0
BRH:0
end_of_record
TN:
SF:components/modern-tank-overview.tsx
FN:38,ModernTankOverview
FN:156,(anonymous_2)
FN:169,(anonymous_3)
FN:182,(anonymous_4)
FN:235,(anonymous_5)
FNF:5
FNH:0
FNDA:0,ModernTankOverview
FNDA:0,(anonymous_2)
FNDA:0,(anonymous_3)
FNDA:0,(anonymous_4)
FNDA:0,(anonymous_5)
DA:3,0
DA:4,0
DA:5,0
DA:6,0
DA:13,0
DA:25,0
DA:31,0
DA:38,0
DA:42,0
DA:43,0
DA:45,0
DA:156,0
DA:157,0
DA:159,0
DA:161,0
DA:163,0
DA:165,0
DA:169,0
DA:170,0
DA:182,0
DA:184,0
DA:189,0
DA:194,0
DA:236,0
DA:238,0
LF:25
LH:0
BRDA:157,0,0,0
BRDA:157,0,1,0
BRDA:157,0,2,0
BRDA:157,0,3,0
BRDA:184,1,0,0
BRDA:184,1,1,0
BRDA:184,1,2,0
BRDA:189,2,0,0
BRDA:189,2,1,0
BRDA:189,2,2,0
BRDA:189,2,3,0
BRDA:189,2,4,0
BRDA:189,2,5,0
BRDA:189,2,6,0
BRDA:194,3,0,0
BRDA:194,3,1,0
BRDA:396,4,0,0
BRDA:401,5,0,0
BRDA:401,5,1,0
BRDA:413,6,0,0
BRF:20
BRH:0
end_of_record
TN:
SF:components/modern-transactions.tsx
FN:62,ModernTransactions
FN:90,(anonymous_2)
FN:103,(anonymous_3)
FNF:3
FNH:0
FNDA:0,ModernTransactions
FNDA:0,(anonymous_2)
FNDA:0,(anonymous_3)
DA:9,0
DA:10,0
DA:11,0
DA:12,0
DA:13,0
DA:15,0
DA:62,0
DA:91,0
DA:103,0
LF:9
LH:0
BRDA:126,0,0,0
BRDA:126,0,1,0
BRDA:128,1,0,0
BRDA:128,1,1,0
BRDA:133,2,0,0
BRDA:133,2,1,0
BRDA:135,3,0,0
BRDA:135,3,1,0
BRDA:140,4,0,0
BRDA:143,5,0,0
BRDA:146,6,0,0
BRF:11
BRH:0
end_of_record
TN:
SF:components/monitoring-dashboard.tsx
FN:29,MonitoringDashboard
FN:44,(anonymous_5)
FN:45,(anonymous_6)
FN:52,(anonymous_7)
FN:55,(anonymous_8)
FN:68,(anonymous_9)
FN:82,(anonymous_10)
FN:95,(anonymous_11)
FN:103,(anonymous_12)
FN:118,(anonymous_13)
FN:152,(anonymous_14)
FN:156,(anonymous_15)
FN:163,(anonymous_16)
FN:167,(anonymous_17)
FN:189,(anonymous_18)
FN:240,(anonymous_19)
FN:271,(anonymous_20)
FN:309,(anonymous_21)
FN:332,(anonymous_22)
FN:365,(anonymous_23)
FNF:20
FNH:0
FNDA:0,MonitoringDashboard
FNDA:0,(anonymous_5)
FNDA:0,(anonymous_6)
FNDA:0,(anonymous_7)
FNDA:0,(anonymous_8)
FNDA:0,(anonymous_9)
FNDA:0,(anonymous_10)
FNDA:0,(anonymous_11)
FNDA:0,(anonymous_12)
FNDA:0,(anonymous_13)
FNDA:0,(anonymous_14)
FNDA:0,(anonymous_15)
FNDA:0,(anonymous_16)
FNDA:0,(anonymous_17)
FNDA:0,(anonymous_18)
FNDA:0,(anonymous_19)
FNDA:0,(anonymous_20)
FNDA:0,(anonymous_21)
FNDA:0,(anonymous_22)
FNDA:0,(anonymous_23)
DA:3,0
DA:4,0
DA:5,0
DA:6,0
DA:7,0
DA:21,0
DA:22,0
DA:23,0
DA:29,0
DA:37,0
DA:39,0
DA:40,0
DA:41,0
DA:42,0
DA:44,0
DA:45,0
DA:46,0
DA:47,0
DA:48,0
DA:49,0
DA:52,0
DA:55,0
DA:56,0
DA:68,0
DA:69,0
DA:82,0
DA:83,0
DA:95,0
DA:96,0
DA:97,0
DA:98,0
DA:99,0
DA:100,0
DA:103,0
DA:104,0
DA:105,0
DA:108,0
DA:109,0
DA:119,0
DA:120,0
DA:121,0
DA:122,0
DA:152,0
DA:156,0
DA:163,0
DA:167,0
DA:189,0
DA:241,0
DA:272,0
DA:310,0
DA:332,0
DA:366,0
LF:52
LH:0
BRDA:76,0,0,0
BRDA:76,0,1,0
BRDA:96,1,0,0
BRDA:104,2,0,0
BRDA:151,3,0,0
BRDA:151,3,1,0
BRDA:155,4,0,0
BRDA:155,4,1,0
BRDA:162,5,0,0
BRDA:162,5,1,0
BRDA:166,6,0,0
BRDA:166,6,1,0
BRDA:207,7,0,0
BRDA:207,7,1,0
BRDA:208,8,0,0
BRDA:208,8,1,0
BRDA:217,9,0,0
BRDA:224,10,0,0
BRDA:224,10,1,0
BRDA:227,11,0,0
BRDA:227,11,1,0
BRDA:251,12,0,0
BRDA:285,13,0,0
BRDA:290,14,0,0
BRDA:314,15,0,0
BRDA:314,15,1,0
BRDA:324,16,0,0
BRDA:324,16,1,0
BRDA:326,17,0,0
BRDA:326,17,1,0
BRDA:328,18,0,0
BRDA:344,19,0,0
BRDA:383,20,0,0
BRDA:383,20,1,0
BRF:34
BRH:0
end_of_record
TN:
SF:components/offline-indicator.tsx
FN:15,OfflineIndicator
FN:21,(anonymous_6)
FN:25,(anonymous_7)
FN:76,OnlineIndicator
FN:80,(anonymous_9)
FN:83,(anonymous_10)
FN:84,(anonymous_11)
FN:109,ConnectionStatus
FNF:8
FNH:0
FNDA:0,OfflineIndicator
FNDA:0,(anonymous_6)
FNDA:0,(anonymous_7)
FNDA:0,OnlineIndicator
FNDA:0,(anonymous_9)
FNDA:0,(anonymous_10)
FNDA:0,(anonymous_11)
FNDA:0,ConnectionStatus
DA:3,0
DA:4,0
DA:5,0
DA:6,0
DA:7,0
DA:15,0
DA:20,0
DA:23,0
DA:27,0
DA:31,0
DA:33,0
DA:76,0
DA:77,0
DA:78,0
DA:80,0
DA:81,0
DA:82,0
DA:83,0
DA:84,0
DA:88,0
DA:109,0
DA:110,0
LF:22
LH:0
BRDA:17,0,0,0
BRDA:18,1,0,0
BRDA:31,2,0,0
BRDA:53,3,0,0
BRDA:60,4,0,0
BRDA:81,5,0,0
BRDA:81,6,0,0
BRDA:81,6,1,0
BRDA:88,7,0,0
BRDA:117,8,0,0
BRDA:117,8,1,0
BRDA:119,9,0,0
BRDA:119,9,1,0
BRDA:123,10,0,0
BRDA:123,10,1,0
BRDA:126,11,0,0
BRDA:126,11,1,0
BRDA:128,12,0,0
BRDA:128,12,1,0
BRF:19
BRH:0
end_of_record
TN:
SF:components/performance-monitor.tsx
FN:50,PerformanceMonitor
FN:55,(anonymous_5)
FN:56,(anonymous_6)
FN:85,(anonymous_7)
FN:89,(anonymous_8)
FN:92,(anonymous_9)
FN:104,(anonymous_10)
FN:117,(anonymous_11)
FN:126,(anonymous_12)
FN:139,(anonymous_13)
FN:153,(anonymous_14)
FN:161,(anonymous_15)
FN:369,(anonymous_16)
FNF:13
FNH:0
FNDA:0,PerformanceMonitor
FNDA:0,(anonymous_5)
FNDA:0,(anonymous_6)
FNDA:0,(anonymous_7)
FNDA:0,(anonymous_8)
FNDA:0,(anonymous_9)
FNDA:0,(anonymous_10)
FNDA:0,(anonymous_11)
FNDA:0,(anonymous_12)
FNDA:0,(anonymous_13)
FNDA:0,(anonymous_14)
FNDA:0,(anonymous_15)
FNDA:0,(anonymous_16)
DA:3,0
DA:4,0
DA:5,0
DA:6,0
DA:16,0
DA:18,0
DA:50,0
DA:52,0
DA:53,0
DA:55,0
DA:56,0
DA:58,0
DA:59,0
DA:61,0
DA:62,0
DA:85,0
DA:89,0
DA:92,0
DA:93,0
DA:94,0
DA:95,0
DA:101,0
DA:104,0
DA:106,0
DA:109,0
DA:117,0
DA:121,0
DA:122,0
DA:123,0
DA:126,0
DA:127,0
DA:129,0
DA:131,0
DA:133,0
DA:135,0
DA:139,0
DA:140,0
DA:153,0
DA:154,0
DA:155,0
DA:156,0
DA:157,0
DA:158,0
DA:161,0
DA:162,0
DA:163,0
DA:166,0
DA:167,0
DA:168,0
DA:370,0
LF:50
LH:0
BRDA:61,0,0,0
BRDA:66,1,0,0
BRDA:66,1,1,0
BRDA:70,2,0,0
BRDA:70,2,1,0
BRDA:73,3,0,0
BRDA:73,3,1,0
BRDA:75,4,0,0
BRDA:75,4,1,0
BRDA:79,5,0,0
BRDA:79,5,1,0
BRDA:93,6,0,0
BRDA:106,7,0,0
BRDA:106,7,1,0
BRDA:106,7,2,0
BRDA:121,8,0,0
BRDA:122,9,0,0
BRDA:127,10,0,0
BRDA:127,10,1,0
BRDA:127,10,2,0
BRDA:127,10,3,0
BRDA:147,11,0,0
BRDA:147,11,1,0
BRDA:154,12,0,0
BRDA:162,13,0,0
BRDA:174,14,0,0
BRDA:174,14,1,0
BRDA:175,15,0,0
BRDA:175,15,1,0
BRDA:190,16,0,0
BRDA:190,16,1,0
BRDA:194,17,0,0
BRDA:216,18,0,0
BRDA:216,18,1,0
BRDA:220,19,0,0
BRDA:242,20,0,0
BRDA:242,20,1,0
BRDA:246,21,0,0
BRDA:268,22,0,0
BRDA:268,22,1,0
BRDA:272,23,0,0
BRDA:329,24,0,0
BRDA:329,24,1,0
BRDA:330,25,0,0
BRDA:330,25,1,0
BRDA:333,26,0,0
BRDA:341,27,0,0
BRDA:349,28,0,0
BRDA:378,29,0,0
BRDA:386,30,0,0
BRDA:394,31,0,0
BRDA:402,32,0,0
BRF:52
BRH:0
end_of_record
TN:
SF:components/predictive-analytics.tsx
FN:13,PredictiveAnalytics
FN:84,(anonymous_2)
FN:99,(anonymous_3)
FN:115,(anonymous_4)
FN:140,(anonymous_5)
FNF:5
FNH:0
FNDA:0,PredictiveAnalytics
FNDA:0,(anonymous_2)
FNDA:0,(anonymous_3)
FNDA:0,(anonymous_4)
FNDA:0,(anonymous_5)
DA:3,0
DA:4,0
DA:5,0
DA:6,0
DA:7,0
DA:13,0
DA:14,0
DA:53,0
DA:84,0
DA:85,0
DA:87,0
DA:89,0
DA:91,0
DA:93,0
DA:95,0
DA:99,0
DA:100,0
DA:116,0
DA:141,0
LF:19
LH:0
BRDA:85,0,0,0
BRDA:85,0,1,0
BRDA:85,0,2,0
BRDA:85,0,3,0
BRDA:85,0,4,0
BRDA:100,1,0,0
BRF:6
BRH:0
end_of_record
TN:
SF:components/protected-component.tsx
FN:16,ProtectedComponent
FN:59,FeatureGate
FN:98,PermissionGate
FN:128,withPermission
FN:134,ProtectedComponentWrapper
FN:144,withFeature
FN:149,FeatureGatedComponent
FN:165,ConditionalRender
FN:174,usePermissionRender
FN:178,(anonymous_18)
FN:184,(anonymous_19)
FNF:11
FNH:0
FNDA:0,ProtectedComponent
FNDA:0,FeatureGate
FNDA:0,PermissionGate
FNDA:0,withPermission
FNDA:0,ProtectedComponentWrapper
FNDA:0,withFeature
FNDA:0,FeatureGatedComponent
FNDA:0,ConditionalRender
FNDA:0,usePermissionRender
FNDA:0,(anonymous_18)
FNDA:0,(anonymous_19)
DA:3,0
DA:4,0
DA:16,0
DA:26,0
DA:29,0
DA:34,0
DA:39,0
DA:40,0
DA:44,0
DA:59,0
DA:65,0
DA:67,0
DA:68,0
DA:98,0
DA:105,0
DA:107,0
DA:108,0
DA:128,0
DA:134,0
DA:144,0
DA:149,0
DA:165,0
DA:174,0
DA:175,0
DA:177,0
DA:183,0
DA:188,0
LF:27
LH:0
BRDA:18,0,0,0
BRDA:20,1,0,0
BRDA:22,2,0,0
BRDA:23,3,0,0
BRDA:29,4,0,0
BRDA:29,5,0,0
BRDA:29,5,1,0
BRDA:34,6,0,0
BRDA:34,7,0,0
BRDA:34,7,1,0
BRDA:34,7,2,0
BRDA:39,8,0,0
BRDA:40,9,0,0
BRDA:40,9,1,0
BRDA:44,10,0,0
BRDA:61,11,0,0
BRDA:63,12,0,0
BRDA:67,13,0,0
BRDA:68,14,0,0
BRDA:101,15,0,0
BRDA:103,16,0,0
BRDA:107,17,0,0
BRDA:108,18,0,0
BRDA:131,19,0,0
BRDA:167,20,0,0
BRDA:170,21,0,0
BRDA:183,22,0,0
BRDA:183,22,1,0
BRDA:188,23,0,0
BRDA:188,23,1,0
BRF:30
BRH:0
end_of_record
TN:
SF:components/realtime-notifications.tsx
FN:17,RealtimeNotifications
FN:33,(anonymous_7)
FN:46,(anonymous_8)
FN:60,(anonymous_9)
FN:63,(anonymous_10)
FN:64,(anonymous_11)
FN:68,(anonymous_12)
FN:88,(anonymous_13)
FN:113,(anonymous_14)
FN:126,NotificationToast
FN:139,(anonymous_16)
FN:152,(anonymous_17)
FN:189,(anonymous_18)
FNF:13
FNH:0
FNDA:0,RealtimeNotifications
FNDA:0,(anonymous_7)
FNDA:0,(anonymous_8)
FNDA:0,(anonymous_9)
FNDA:0,(anonymous_10)
FNDA:0,(anonymous_11)
FNDA:0,(anonymous_12)
FNDA:0,(anonymous_13)
FNDA:0,(anonymous_14)
FNDA:0,NotificationToast
FNDA:0,(anonymous_16)
FNDA:0,(anonymous_17)
FNDA:0,(anonymous_18)
DA:3,0
DA:4,0
DA:5,0
DA:6,0
DA:7,0
DA:17,0
DA:24,0
DA:26,0
DA:33,0
DA:34,0
DA:46,0
DA:47,0
DA:49,0
DA:51,0
DA:53,0
DA:55,0
DA:60,0
DA:61,0
DA:63,0
DA:64,0
DA:65,0
DA:68,0
DA:73,0
DA:75,0
DA:89,0
DA:113,0
DA:126,0
DA:139,0
DA:140,0
DA:152,0
DA:153,0
DA:155,0
DA:157,0
DA:159,0
DA:161,0
DA:189,0
LF:36
LH:0
BRDA:19,0,0,0
BRDA:20,1,0,0
BRDA:21,2,0,0
BRDA:22,3,0,0
BRDA:47,4,0,0
BRDA:47,4,1,0
BRDA:47,4,2,0
BRDA:47,4,3,0
BRDA:61,5,0,0
BRDA:75,6,0,0
BRDA:153,7,0,0
BRDA:153,7,1,0
BRDA:153,7,2,0
BRDA:153,7,3,0
BRF:14
BRH:0
end_of_record
TN:
SF:components/recent-transactions.tsx
FN:50,RecentTransactions
FN:59,(anonymous_2)
FN:65,(anonymous_3)
FNF:3
FNH:0
FNDA:0,RecentTransactions
FNDA:0,(anonymous_2)
FNDA:0,(anonymous_3)
DA:3,0
DA:4,0
DA:5,0
DA:7,0
DA:50,0
DA:60,0
DA:65,0
LF:7
LH:0
BRDA:80,0,0,0
BRDA:80,0,1,0
BRDA:82,1,0,0
BRDA:82,1,1,0
BRF:4
BRH:0
end_of_record
TN:
SF:components/reports-management.tsx
FN:22,ReportsManagement
FN:31,(anonymous_2)
FN:46,(anonymous_3)
FN:56,(anonymous_4)
FN:61,(anonymous_5)
FN:113,(anonymous_6)
FN:121,(anonymous_7)
FN:171,(anonymous_8)
FN:179,(anonymous_9)
FN:235,(anonymous_10)
FN:243,(anonymous_11)
FN:297,(anonymous_12)
FN:303,(anonymous_13)
FNF:13
FNH:0
FNDA:0,ReportsManagement
FNDA:0,(anonymous_2)
FNDA:0,(anonymous_3)
FNDA:0,(anonymous_4)
FNDA:0,(anonymous_5)
FNDA:0,(anonymous_6)
FNDA:0,(anonymous_7)
FNDA:0,(anonymous_8)
FNDA:0,(anonymous_9)
FNDA:0,(anonymous_10)
FNDA:0,(anonymous_11)
FNDA:0,(anonymous_12)
FNDA:0,(anonymous_13)
DA:4,0
DA:5,0
DA:7,0
DA:8,0
DA:16,0
DA:22,0
DA:25,0
DA:26,0
DA:29,0
DA:32,0
DA:33,0
DA:34,0
DA:41,0
DA:47,0
DA:54,0
DA:56,0
DA:58,0
DA:61,0
DA:63,0
DA:113,0
DA:121,0
DA:171,0
DA:179,0
DA:235,0
DA:243,0
DA:297,0
DA:303,0
LF:27
LH:0
BRDA:26,0,0,0
BRDA:26,0,1,0
BRDA:33,1,0,0
BRDA:41,2,0,0
BRDA:54,3,0,0
BRDA:54,3,1,0
BRDA:90,4,0,0
BRDA:90,4,1,0
BRDA:96,5,0,0
BRDA:96,5,1,0
BRDA:103,6,0,0
BRDA:103,6,1,0
BRDA:151,7,0,0
BRDA:151,7,1,0
BRDA:157,8,0,0
BRDA:157,8,1,0
BRDA:163,9,0,0
BRDA:163,9,1,0
BRDA:211,10,0,0
BRDA:211,10,1,0
BRDA:219,11,0,0
BRDA:219,11,1,0
BRDA:227,12,0,0
BRDA:227,12,1,0
BRDA:270,13,0,0
BRDA:270,13,1,0
BRDA:276,14,0,0
BRDA:276,14,1,0
BRDA:282,15,0,0
BRDA:282,15,1,0
BRDA:288,16,0,0
BRDA:288,16,1,0
BRF:32
BRH:0
end_of_record
TN:
SF:components/route-optimizer.tsx
FN:55,(anonymous_1)
FN:61,(anonymous_2)
FN:74,RouteOptimizer
FN:80,(anonymous_4)
FN:84,(anonymous_5)
FN:85,(anonymous_6)
FN:88,(anonymous_7)
FN:89,(anonymous_8)
FN:176,(anonymous_9)
FN:186,(anonymous_10)
FN:194,(anonymous_11)
FN:207,(anonymous_12)
FN:245,(anonymous_13)
FNF:13
FNH:0
FNDA:0,(anonymous_1)
FNDA:0,(anonymous_2)
FNDA:0,RouteOptimizer
FNDA:0,(anonymous_4)
FNDA:0,(anonymous_5)
FNDA:0,(anonymous_6)
FNDA:0,(anonymous_7)
FNDA:0,(anonymous_8)
FNDA:0,(anonymous_9)
FNDA:0,(anonymous_10)
FNDA:0,(anonymous_11)
FNDA:0,(anonymous_12)
FNDA:0,(anonymous_13)
DA:3,0
DA:4,0
DA:5,0
DA:6,0
DA:7,0
DA:8,0
DA:9,0
DA:10,0
DA:13,0
DA:55,0
DA:56,0
DA:57,0
DA:58,0
DA:61,0
DA:62,0
DA:64,0
DA:66,0
DA:68,0
DA:70,0
DA:74,0
DA:75,0
DA:80,0
DA:81,0
DA:84,0
DA:85,0
DA:88,0
DA:89,0
DA:177,0
DA:186,0
DA:194,0
DA:207,0
DA:246,0
LF:32
LH:0
BRDA:56,0,0,0
BRDA:57,1,0,0
BRDA:62,2,0,0
BRDA:62,2,1,0
BRDA:62,2,2,0
BRDA:62,2,3,0
BRDA:89,3,0,0
BRDA:89,3,1,0
BRDA:205,4,0,0
BRF:9
BRH:0
end_of_record
TN:
SF:components/route-progress-bar.tsx
FN:6,(anonymous_1)
FN:12,(anonymous_2)
FN:13,(anonymous_3)
FN:18,(anonymous_4)
FN:19,(anonymous_5)
FN:29,(anonymous_6)
FN:31,(anonymous_7)
FN:43,(anonymous_8)
FNF:8
FNH:0
FNDA:0,(anonymous_1)
FNDA:0,(anonymous_2)
FNDA:0,(anonymous_3)
FNDA:0,(anonymous_4)
FNDA:0,(anonymous_5)
FNDA:0,(anonymous_6)
FNDA:0,(anonymous_7)
FNDA:0,(anonymous_8)
DA:3,0
DA:4,0
DA:6,0
DA:7,0
DA:8,0
DA:9,0
DA:10,0
DA:12,0
DA:13,0
DA:14,0
DA:15,0
DA:18,0
DA:19,0
DA:20,0
DA:21,0
DA:22,0
DA:24,0
DA:29,0
DA:30,0
DA:31,0
DA:32,0
DA:33,0
DA:38,0
DA:41,0
DA:43,0
DA:44,0
DA:48,0
DA:60,0
LF:28
LH:0
BRDA:20,0,0,0
BRDA:48,1,0,0
BRF:2
BRH:0
end_of_record
TN:
SF:components/sales-chart.tsx
FN:17,SalesChart
FN:39,(anonymous_2)
FNF:2
FNH:0
FNDA:0,SalesChart
FNDA:0,(anonymous_2)
DA:3,0
DA:4,0
DA:5,0
DA:7,0
DA:17,0
DA:39,0
LF:6
LH:0
BRF:0
BRH:0
end_of_record
TN:
SF:components/sales-management.tsx
FN:23,SalesManagement
FN:31,(anonymous_2)
FN:46,(anonymous_3)
FN:61,(anonymous_4)
FN:153,(anonymous_5)
FN:162,(anonymous_6)
FN:215,(anonymous_7)
FN:253,(anonymous_8)
FNF:8
FNH:0
FNDA:0,SalesManagement
FNDA:0,(anonymous_2)
FNDA:0,(anonymous_3)
FNDA:0,(anonymous_4)
FNDA:0,(anonymous_5)
FNDA:0,(anonymous_6)
FNDA:0,(anonymous_7)
FNDA:0,(anonymous_8)
DA:3,0
DA:4,0
DA:6,0
DA:7,0
DA:8,0
DA:9,0
DA:17,0
DA:23,0
DA:24,0
DA:25,0
DA:26,0
DA:29,0
DA:32,0
DA:33,0
DA:34,0
DA:41,0
DA:47,0
DA:55,0
DA:56,0
DA:57,0
DA:58,0
DA:60,0
DA:62,0
DA:153,0
DA:163,0
DA:216,0
DA:254,0
LF:27
LH:0
BRDA:25,0,0,0
BRDA:25,0,1,0
BRDA:33,1,0,0
BRDA:41,2,0,0
BRDA:55,3,0,0
BRDA:55,3,1,0
BRDA:56,4,0,0
BRDA:56,4,1,0
BRDA:57,5,0,0
BRDA:57,5,1,0
BRDA:58,6,0,0
BRDA:58,6,1,0
BRDA:62,7,0,0
BRDA:62,7,1,0
BRDA:80,8,0,0
BRDA:80,8,1,0
BRDA:96,9,0,0
BRDA:96,9,1,0
BRDA:112,10,0,0
BRDA:112,10,1,0
BRDA:128,11,0,0
BRDA:128,11,1,0
BRDA:173,12,0,0
BRDA:173,12,1,0
BRDA:187,13,0,0
BRDA:187,13,1,0
BRDA:189,14,0,0
BRDA:189,14,1,0
BRF:28
BRH:0
end_of_record
TN:
SF:components/tank-overview.tsx
FN:42,TankOverview
FN:43,(anonymous_2)
FN:60,(anonymous_3)
FN:77,(anonymous_4)
FN:85,(anonymous_5)
FNF:5
FNH:0
FNDA:0,TankOverview
FNDA:0,(anonymous_2)
FNDA:0,(anonymous_3)
FNDA:0,(anonymous_4)
FNDA:0,(anonymous_5)
DA:3,0
DA:4,0
DA:5,0
DA:6,0
DA:17,0
DA:42,0
DA:43,0
DA:44,0
DA:46,0
DA:48,0
DA:50,0
DA:52,0
DA:54,0
DA:56,0
DA:60,0
DA:61,0
DA:63,0
DA:65,0
DA:67,0
DA:69,0
DA:71,0
DA:73,0
DA:77,0
DA:78,0
DA:79,0
DA:80,0
DA:86,0
LF:27
LH:0
BRDA:44,0,0,0
BRDA:44,0,1,0
BRDA:44,0,2,0
BRDA:44,0,3,0
BRDA:44,0,4,0
BRDA:44,0,5,0
BRDA:61,1,0,0
BRDA:61,1,1,0
BRDA:61,1,2,0
BRDA:61,1,3,0
BRDA:61,1,4,0
BRDA:61,1,5,0
BRDA:78,2,0,0
BRDA:79,3,0,0
BRDA:102,4,0,0
BRDA:103,5,0,0
BRDA:104,6,0,0
BRDA:164,7,0,0
BRF:18
BRH:0
end_of_record
TN:
SF:components/tenant-optimized-dashboard.tsx
FN:14,(anonymous_6)
FN:15,(anonymous_7)
FN:15,(anonymous_8)
FN:19,(anonymous_9)
FN:20,(anonymous_10)
FN:20,(anonymous_11)
FN:24,(anonymous_12)
FN:25,(anonymous_13)
FN:25,(anonymous_14)
FN:29,(anonymous_15)
FN:30,(anonymous_16)
FN:30,(anonymous_17)
FN:34,(anonymous_18)
FN:35,(anonymous_19)
FN:35,(anonymous_20)
FN:39,(anonymous_21)
FN:40,(anonymous_22)
FN:40,(anonymous_23)
FN:44,(anonymous_24)
FN:45,(anonymous_25)
FN:45,(anonymous_26)
FN:75,(anonymous_29)
FN:113,TenantOptimizedDashboard
FN:132,(anonymous_32)
FN:167,(anonymous_33)
FN:181,(anonymous_34)
FN:215,(anonymous_35)
FN:240,(anonymous_36)
FN:262,(anonymous_37)
FN:284,(anonymous_38)
FN:309,(anonymous_39)
FN:331,(anonymous_40)
FN:353,(anonymous_41)
FNF:33
FNH:0
FNDA:0,(anonymous_6)
FNDA:0,(anonymous_7)
FNDA:0,(anonymous_8)
FNDA:0,(anonymous_9)
FNDA:0,(anonymous_10)
FNDA:0,(anonymous_11)
FNDA:0,(anonymous_12)
FNDA:0,(anonymous_13)
FNDA:0,(anonymous_14)
FNDA:0,(anonymous_15)
FNDA:0,(anonymous_16)
FNDA:0,(anonymous_17)
FNDA:0,(anonymous_18)
FNDA:0,(anonymous_19)
FNDA:0,(anonymous_20)
FNDA:0,(anonymous_21)
FNDA:0,(anonymous_22)
FNDA:0,(anonymous_23)
FNDA:0,(anonymous_24)
FNDA:0,(anonymous_25)
FNDA:0,(anonymous_26)
FNDA:0,(anonymous_29)
FNDA:0,TenantOptimizedDashboard
FNDA:0,(anonymous_32)
FNDA:0,(anonymous_33)
FNDA:0,(anonymous_34)
FNDA:0,(anonymous_35)
FNDA:0,(anonymous_36)
FNDA:0,(anonymous_37)
FNDA:0,(anonymous_38)
FNDA:0,(anonymous_39)
FNDA:0,(anonymous_40)
FNDA:0,(anonymous_41)
DA:3,0
DA:4,0
DA:5,0
DA:6,0
DA:7,0
DA:8,0
DA:9,0
DA:10,0
DA:11,0
DA:14,0
DA:15,0
DA:19,0
DA:20,0
DA:24,0
DA:25,0
DA:29,0
DA:30,0
DA:34,0
DA:35,0
DA:39,0
DA:40,0
DA:44,0
DA:45,0
DA:70,0
DA:76,0
DA:88,0
DA:110,0
DA:113,0
DA:114,0
DA:115,0
DA:116,0
DA:119,0
DA:120,0
DA:130,0
DA:134,0
DA:135,0
DA:136,0
DA:137,0
DA:141,0
DA:142,0
DA:143,0
DA:145,0
DA:149,0
DA:150,0
DA:153,0
DA:156,0
DA:158,0
DA:167,0
DA:168,0
DA:169,0
DA:173,0
DA:174,0
DA:177,0
DA:181,0
DA:373,0
LF:55
LH:0
BRDA:55,0,0,0
BRDA:119,1,0,0
BRDA:135,2,0,0
BRDA:149,3,0,0
BRDA:168,4,0,0
BRDA:173,5,0,0
BRDA:177,6,0,0
BRDA:222,7,0,0
BRDA:222,7,1,0
BRDA:293,8,0,0
BRDA:293,8,1,0
BRDA:315,9,0,0
BRDA:315,9,1,0
BRF:13
BRH:0
end_of_record
TN:
SF:components/tenant-provider.tsx
FN:25,useTenant
FN:39,TenantProvider
FN:56,(anonymous_10)
FN:106,(anonymous_11)
FN:149,(anonymous_12)
FN:174,(anonymous_13)
FN:180,(anonymous_14)
FN:187,(anonymous_15)
FN:188,(anonymous_16)
FN:208,(anonymous_17)
FN:236,useRequiredTenant
FN:247,useTenantRouter
FN:252,(anonymous_20)
FN:270,(anonymous_21)
FNF:14
FNH:0
FNDA:0,useTenant
FNDA:0,TenantProvider
FNDA:0,(anonymous_10)
FNDA:0,(anonymous_11)
FNDA:0,(anonymous_12)
FNDA:0,(anonymous_13)
FNDA:0,(anonymous_14)
FNDA:0,(anonymous_15)
FNDA:0,(anonymous_16)
FNDA:0,(anonymous_17)
FNDA:0,useRequiredTenant
FNDA:0,useTenantRouter
FNDA:0,(anonymous_20)
FNDA:0,(anonymous_21)
DA:9,2
DA:10,2
DA:11,2
DA:23,2
DA:25,0
DA:26,0
DA:27,0
DA:28,0
DA:30,0
DA:39,0
DA:44,0
DA:45,0
DA:46,0
DA:53,0
DA:56,0
DA:57,0
DA:59,0
DA:61,0
DA:62,0
DA:65,0
DA:66,0
DA:67,0
DA:72,0
DA:77,0
DA:78,0
DA:79,0
DA:81,0
DA:90,0
DA:96,0
DA:98,0
DA:101,0
DA:105,0
DA:107,0
DA:108,0
DA:109,0
DA:111,0
DA:113,0
DA:115,0
DA:116,0
DA:117,0
DA:119,0
DA:122,0
DA:125,0
DA:126,0
DA:129,0
DA:130,0
DA:133,0
DA:134,0
DA:135,0
DA:137,0
DA:138,0
DA:141,0
DA:148,0
DA:150,0
DA:152,0
DA:153,0
DA:156,0
DA:157,0
DA:161,0
DA:164,0
DA:165,0
DA:167,0
DA:174,0
DA:175,0
DA:176,0
DA:180,0
DA:181,0
DA:182,0
DA:183,0
DA:187,0
DA:188,0
DA:189,0
DA:191,0
DA:192,0
DA:193,0
DA:196,0
DA:197,0
DA:198,0
DA:201,0
DA:204,0
DA:208,0
DA:209,0
DA:210,0
DA:211,0
DA:213,0
DA:218,0
DA:236,0
DA:237,0
DA:239,0
DA:240,0
DA:243,0
DA:247,0
DA:248,0
DA:249,0
DA:251,0
DA:253,0
DA:255,0
DA:256,0
DA:258,0
DA:261,0
DA:264,0
DA:269,0
DA:271,0
DA:273,0
DA:274,0
DA:276,0
DA:279,0
DA:282,0
DA:287,0
LF:109
LH:4
BRDA:27,0,0,0
BRDA:41,1,0,0
BRDA:57,2,0,0
BRDA:59,3,0,0
BRDA:65,4,0,0
BRDA:67,5,0,0
BRDA:68,6,0,0
BRDA:68,6,1,0
BRDA:68,6,2,0
BRDA:78,7,0,0
BRDA:81,8,0,0
BRDA:82,9,0,0
BRDA:82,9,1,0
BRDA:82,9,2,0
BRDA:82,9,3,0
BRDA:82,9,4,0
BRDA:82,9,5,0
BRDA:82,9,6,0
BRDA:96,10,0,0
BRDA:96,11,0,0
BRDA:96,11,1,0
BRDA:115,12,0,0
BRDA:116,13,0,0
BRDA:125,14,0,0
BRDA:125,15,0,0
BRDA:125,15,1,0
BRDA:133,16,0,0
BRDA:133,16,1,0
BRDA:137,17,0,0
BRDA:150,18,0,0
BRDA:157,19,0,0
BRDA:157,19,1,0
BRDA:164,20,0,0
BRDA:175,21,0,0
BRDA:191,22,0,0
BRDA:196,23,0,0
BRDA:209,24,0,0
BRDA:209,25,0,0
BRDA:209,25,1,0
BRDA:211,26,0,0
BRDA:211,27,0,0
BRDA:211,27,1,0
BRDA:230,28,0,0
BRDA:230,28,1,0
BRDA:239,29,0,0
BRDA:253,30,0,0
BRDA:255,31,0,0
BRDA:261,32,0,0
BRDA:261,32,1,0
BRDA:271,33,0,0
BRDA:273,34,0,0
BRDA:279,35,0,0
BRDA:279,35,1,0
BRF:53
BRH:0
end_of_record
TN:
SF:components/tenant-safe-data-list.tsx
FN:46,TenantSafeDataList
FN:77,(anonymous_7)
FN:85,(anonymous_8)
FN:102,(anonymous_9)
FN:107,(anonymous_10)
FN:112,(anonymous_11)
FN:113,(anonymous_12)
FN:125,(anonymous_13)
FN:139,(anonymous_14)
FN:149,(anonymous_15)
FN:179,(anonymous_16)
FN:180,(anonymous_17)
FN:253,(anonymous_18)
FN:277,(anonymous_19)
FN:283,(anonymous_20)
FN:299,(anonymous_21)
FN:305,(anonymous_22)
FN:307,(anonymous_23)
FN:321,(anonymous_24)
FN:333,(anonymous_25)
FN:361,TenantSafeSearch
FN:373,(anonymous_27)
FN:388,(anonymous_28)
FNF:23
FNH:0
FNDA:0,TenantSafeDataList
FNDA:0,(anonymous_7)
FNDA:0,(anonymous_8)
FNDA:0,(anonymous_9)
FNDA:0,(anonymous_10)
FNDA:0,(anonymous_11)
FNDA:0,(anonymous_12)
FNDA:0,(anonymous_13)
FNDA:0,(anonymous_14)
FNDA:0,(anonymous_15)
FNDA:0,(anonymous_16)
FNDA:0,(anonymous_17)
FNDA:0,(anonymous_18)
FNDA:0,(anonymous_19)
FNDA:0,(anonymous_20)
FNDA:0,(anonymous_21)
FNDA:0,(anonymous_22)
FNDA:0,(anonymous_23)
FNDA:0,(anonymous_24)
FNDA:0,(anonymous_25)
FNDA:0,TenantSafeSearch
FNDA:0,(anonymous_27)
FNDA:0,(anonymous_28)
DA:3,0
DA:4,0
DA:5,0
DA:6,0
DA:7,0
DA:8,0
DA:9,0
DA:17,0
DA:25,0
DA:46,0
DA:60,0
DA:61,0
DA:63,0
DA:64,0
DA:65,0
DA:66,0
DA:67,0
DA:68,0
DA:69,0
DA:72,0
DA:73,0
DA:77,0
DA:78,0
DA:79,0
DA:81,0
DA:82,0
DA:85,0
DA:86,0
DA:87,0
DA:88,0
DA:90,0
DA:93,0
DA:95,0
DA:97,0
DA:102,0
DA:103,0
DA:107,0
DA:108,0
DA:111,0
DA:112,0
DA:113,0
DA:114,0
DA:115,0
DA:124,0
DA:125,0
DA:126,0
DA:127,0
DA:129,0
DA:130,0
DA:131,0
DA:135,0
DA:139,0
DA:140,0
DA:141,0
DA:143,0
DA:144,0
DA:149,0
DA:150,0
DA:151,0
DA:162,0
DA:165,0
DA:166,0
DA:167,0
DA:168,0
DA:169,0
DA:170,0
DA:171,0
DA:172,0
DA:174,0
DA:179,0
DA:180,0
DA:183,0
DA:196,0
DA:253,0
DA:278,0
DA:283,0
DA:300,0
DA:305,0
DA:308,0
DA:322,0
DA:323,0
DA:334,0
DA:335,0
DA:361,0
DA:370,0
DA:371,0
DA:373,0
DA:374,0
DA:375,0
DA:376,0
DA:379,0
DA:389,0
DA:390,0
LF:93
LH:0
BRDA:51,0,0,0
BRDA:52,1,0,0
BRDA:56,2,0,0
BRDA:57,3,0,0
BRDA:58,4,0,0
BRDA:72,5,0,0
BRDA:86,6,0,0
BRDA:86,7,0,0
BRDA:86,7,1,0
BRDA:95,8,0,0
BRDA:95,8,1,0
BRDA:111,9,0,0
BRDA:111,10,0,0
BRDA:111,10,1,0
BRDA:116,11,0,0
BRDA:116,11,1,0
BRDA:124,12,0,0
BRDA:129,13,0,0
BRDA:129,14,0,0
BRDA:129,14,1,0
BRDA:130,15,0,0
BRDA:130,16,0,0
BRDA:130,16,1,0
BRDA:140,17,0,0
BRDA:140,17,1,0
BRDA:141,18,0,0
BRDA:141,18,1,0
BRDA:183,19,0,0
BRDA:196,20,0,0
BRDA:218,21,0,0
BRDA:226,22,0,0
BRDA:226,22,1,0
BRDA:230,23,0,0
BRDA:247,24,0,0
BRDA:268,25,0,0
BRDA:268,25,1,0
BRDA:281,26,0,0
BRDA:281,26,1,0
BRDA:283,27,0,0
BRDA:283,27,1,0
BRDA:287,28,0,0
BRDA:287,28,1,0
BRDA:289,29,0,0
BRDA:289,29,1,0
BRDA:295,30,0,0
BRDA:295,30,1,0
BRDA:303,31,0,0
BRDA:303,31,1,0
BRDA:309,32,0,0
BRDA:309,32,1,0
BRDA:314,33,0,0
BRDA:314,33,1,0
BRDA:317,34,0,0
BRDA:329,35,0,0
BRDA:350,36,0,0
BRDA:362,37,0,0
BRDA:364,38,0,0
BRDA:374,39,0,0
BRF:58
BRH:0
end_of_record
TN:
SF:components/theme-provider.tsx
FN:9,ThemeProvider
FNF:1
FNH:0
FNDA:0,ThemeProvider
DA:3,0
DA:7,0
DA:9,0
LF:3
LH:0
BRF:0
BRH:0
end_of_record
TN:
SF:components/toast-manager.tsx
FN:8,ToastManager
FN:13,(anonymous_4)
FN:14,(anonymous_5)
FN:49,useNotifications
FN:52,(anonymous_7)
FN:65,(anonymous_8)
FN:78,(anonymous_9)
FN:91,(anonymous_10)
FNF:8
FNH:0
FNDA:0,ToastManager
FNDA:0,(anonymous_4)
FNDA:0,(anonymous_5)
FNDA:0,useNotifications
FNDA:0,(anonymous_7)
FNDA:0,(anonymous_8)
FNDA:0,(anonymous_9)
FNDA:0,(anonymous_10)
DA:3,0
DA:4,0
DA:5,0
DA:6,0
DA:8,0
DA:9,0
DA:10,0
DA:13,0
DA:14,0
DA:15,0
DA:16,0
DA:21,0
DA:22,0
DA:27,0
DA:28,0
DA:33,0
DA:34,0
DA:41,0
DA:45,0
DA:49,0
DA:50,0
DA:52,0
DA:57,0
DA:65,0
DA:70,0
DA:78,0
DA:83,0
DA:91,0
DA:92,0
DA:100,0
LF:30
LH:0
BRDA:15,0,0,0
BRDA:15,0,1,0
BRDA:21,1,0,0
BRDA:21,1,1,0
BRDA:27,2,0,0
BRDA:27,2,1,0
BRDA:33,3,0,0
BRF:7
BRH:0
end_of_record
TN:
SF:components/auth/auth-button.tsx
FN:19,(anonymous_2)
FNF:1
FNH:0
FNDA:0,(anonymous_2)
DA:3,0
DA:4,0
DA:5,0
DA:6,0
DA:19,0
DA:30,0
DA:32,0
DA:40,0
LF:8
LH:0
BRDA:22,0,0,0
BRDA:23,1,0,0
BRDA:24,2,0,0
BRDA:25,3,0,0
BRDA:26,4,0,0
BRDA:50,5,0,0
BRDA:50,5,1,0
BRDA:59,6,0,0
BRDA:59,6,1,0
BRF:9
BRH:0
end_of_record
TN:
SF:components/auth/auth-layout.tsx
FN:12,(anonymous_2)
FNF:1
FNH:0
FNDA:0,(anonymous_2)
DA:3,0
DA:4,0
DA:5,0
DA:6,0
DA:12,0
LF:5
LH:0
BRF:0
BRH:0
end_of_record
TN:
SF:components/auth/forgot-password-page.tsx
FN:17,(anonymous_5)
FN:34,(anonymous_6)
FN:47,(anonymous_7)
FN:73,(anonymous_8)
FN:86,(anonymous_9)
FN:97,(anonymous_10)
FN:110,(anonymous_11)
FN:123,(anonymous_12)
FN:124,(anonymous_13)
FN:128,(anonymous_14)
FN:132,(anonymous_15)
FN:162,(anonymous_16)
FN:216,(anonymous_17)
FN:277,(anonymous_18)
FN:293,(anonymous_19)
FNF:15
FNH:0
FNDA:0,(anonymous_5)
FNDA:0,(anonymous_6)
FNDA:0,(anonymous_7)
FNDA:0,(anonymous_8)
FNDA:0,(anonymous_9)
FNDA:0,(anonymous_10)
FNDA:0,(anonymous_11)
FNDA:0,(anonymous_12)
FNDA:0,(anonymous_13)
FNDA:0,(anonymous_14)
FNDA:0,(anonymous_15)
FNDA:0,(anonymous_16)
FNDA:0,(anonymous_17)
FNDA:0,(anonymous_18)
FNDA:0,(anonymous_19)
DA:3,0
DA:4,0
DA:5,0
DA:6,0
DA:7,0
DA:8,0
DA:9,0
DA:17,0
DA:18,0
DA:19,0
DA:20,0
DA:22,0
DA:25,0
DA:30,0
DA:31,0
DA:32,0
DA:34,0
DA:35,0
DA:37,0
DA:38,0
DA:39,0
DA:40,0
DA:43,0
DA:44,0
DA:47,0
DA:48,0
DA:50,0
DA:51,0
DA:52,0
DA:53,0
DA:54,0
DA:59,0
DA:63,0
DA:64,0
DA:65,0
DA:66,0
DA:69,0
DA:70,0
DA:73,0
DA:74,0
DA:76,0
DA:77,0
DA:80,0
DA:81,0
DA:83,0
DA:86,0
DA:88,0
DA:89,0
DA:91,0
DA:93,0
DA:97,0
DA:98,0
DA:100,0
DA:101,0
DA:104,0
DA:105,0
DA:107,0
DA:110,0
DA:112,0
DA:113,0
DA:115,0
DA:119,0
DA:123,0
DA:124,0
DA:127,0
DA:128,0
DA:132,0
DA:133,0
DA:134,0
DA:138,0
DA:162,0
DA:188,0
DA:216,0
DA:277,0
DA:293,0
DA:326,0
LF:76
LH:0
BRDA:23,0,0,0
BRDA:23,0,1,0
BRDA:37,1,0,0
BRDA:37,1,1,0
BRDA:39,2,0,0
BRDA:50,3,0,0
BRDA:50,3,1,0
BRDA:52,4,0,0
BRDA:52,4,1,0
BRDA:54,5,0,0
BRDA:63,6,0,0
BRDA:63,6,1,0
BRDA:65,7,0,0
BRDA:76,8,0,0
BRDA:100,9,0,0
BRDA:127,10,0,0
BRDA:138,11,0,0
BRDA:149,12,0,0
BRDA:149,12,1,0
BRDA:153,13,0,0
BRDA:153,13,1,0
BRDA:161,14,0,0
BRDA:188,15,0,0
BRDA:205,16,0,0
BRDA:265,17,0,0
BRDA:283,18,0,0
BRF:26
BRH:0
end_of_record
TN:
SF:components/auth/form-field.tsx
FN:20,(anonymous_2)
FN:41,(anonymous_3)
FNF:2
FNH:0
FNDA:0,(anonymous_2)
FNDA:0,(anonymous_3)
DA:3,0
DA:4,0
DA:5,0
DA:6,0
DA:20,0
DA:41,0
LF:6
LH:0
BRDA:22,0,0,0
BRDA:26,1,0,0
BRDA:35,2,0,0
BRDA:48,3,0,0
BRDA:48,3,1,0
BRDA:51,4,0,0
BRF:6
BRH:0
end_of_record
TN:
SF:components/auth/form-separator.tsx
FN:11,(anonymous_2)
FNF:1
FNH:0
FNDA:0,(anonymous_2)
DA:3,0
DA:4,0
DA:11,0
LF:3
LH:0
BRF:0
BRH:0
end_of_record
TN:
SF:components/auth/lazy-auth-components.tsx
FN:7,(anonymous_10)
FN:7,(anonymous_11)
FN:9,(anonymous_12)
FN:9,(anonymous_13)
FN:12,(anonymous_14)
FN:12,(anonymous_15)
FN:16,(anonymous_16)
FN:16,(anonymous_17)
FNF:8
FNH:0
FNDA:0,(anonymous_10)
FNDA:0,(anonymous_11)
FNDA:0,(anonymous_12)
FNDA:0,(anonymous_13)
FNDA:0,(anonymous_14)
FNDA:0,(anonymous_15)
FNDA:0,(anonymous_16)
FNDA:0,(anonymous_17)
DA:3,0
DA:4,0
DA:7,0
DA:9,0
DA:11,0
DA:12,0
DA:15,0
DA:16,0
DA:20,0
DA:30,0
LF:10
LH:0
BRF:0
BRH:0
end_of_record
TN:
SF:components/auth/login-page.tsx
FN:21,(anonymous_5)
FN:33,(anonymous_6)
FN:50,(anonymous_7)
FN:99,(anonymous_8)
FN:107,(anonymous_9)
FN:122,(anonymous_10)
FN:126,(anonymous_11)
FN:130,(anonymous_12)
FN:148,(anonymous_13)
FN:171,(anonymous_14)
FN:183,(anonymous_15)
FN:196,(anonymous_16)
FNF:12
FNH:0
FNDA:0,(anonymous_5)
FNDA:0,(anonymous_6)
FNDA:0,(anonymous_7)
FNDA:0,(anonymous_8)
FNDA:0,(anonymous_9)
FNDA:0,(anonymous_10)
FNDA:0,(anonymous_11)
FNDA:0,(anonymous_12)
FNDA:0,(anonymous_13)
FNDA:0,(anonymous_14)
FNDA:0,(anonymous_15)
FNDA:0,(anonymous_16)
DA:3,0
DA:4,0
DA:5,0
DA:6,0
DA:7,0
DA:8,0
DA:9,0
DA:10,0
DA:11,0
DA:12,0
DA:21,0
DA:22,0
DA:23,0
DA:24,0
DA:29,0
DA:30,0
DA:31,0
DA:33,0
DA:34,0
DA:36,0
DA:37,0
DA:38,0
DA:39,0
DA:42,0
DA:43,0
DA:46,0
DA:47,0
DA:50,0
DA:51,0
DA:53,0
DA:54,0
DA:57,0
DA:58,0
DA:60,0
DA:61,0
DA:72,0
DA:74,0
DA:75,0
DA:78,0
DA:80,0
DA:81,0
DA:83,0
DA:86,0
DA:89,0
DA:95,0
DA:99,0
DA:100,0
DA:101,0
DA:103,0
DA:106,0
DA:107,0
DA:110,0
DA:111,0
DA:113,0
DA:116,0
DA:118,0
DA:122,0
DA:126,0
DA:129,0
DA:130,0
DA:148,0
DA:171,0
DA:183,0
DA:197,0
DA:240,0
LF:65
LH:0
BRDA:36,0,0,0
BRDA:36,0,1,0
BRDA:38,1,0,0
BRDA:42,2,0,0
BRDA:53,3,0,0
BRDA:74,4,0,0
BRDA:75,5,0,0
BRDA:75,5,1,0
BRDA:78,6,0,0
BRDA:78,6,1,0
BRDA:80,7,0,0
BRDA:80,7,1,0
BRDA:90,8,0,0
BRDA:90,8,1,0
BRDA:110,9,0,0
BRDA:110,9,1,0
BRDA:129,10,0,0
BRDA:160,11,0,0
BRF:18
BRH:0
end_of_record
TN:
SF:components/auth/password-strength-indicator.tsx
FN:24,(anonymous_2)
FN:35,(anonymous_3)
FN:40,(anonymous_4)
FN:45,(anonymous_5)
FN:50,(anonymous_6)
FN:55,(anonymous_7)
FN:60,(anonymous_8)
FN:63,(anonymous_9)
FN:69,(anonymous_10)
FN:109,(anonymous_11)
FNF:10
FNH:0
FNDA:0,(anonymous_2)
FNDA:0,(anonymous_3)
FNDA:0,(anonymous_4)
FNDA:0,(anonymous_5)
FNDA:0,(anonymous_6)
FNDA:0,(anonymous_7)
FNDA:0,(anonymous_8)
FNDA:0,(anonymous_9)
FNDA:0,(anonymous_10)
FNDA:0,(anonymous_11)
DA:3,0
DA:4,0
DA:5,0
DA:22,0
DA:24,0
DA:32,0
DA:35,0
DA:40,0
DA:45,0
DA:50,0
DA:55,0
DA:60,0
DA:61,0
DA:63,0
DA:64,0
DA:65,0
DA:66,0
DA:69,0
DA:70,0
DA:71,0
DA:72,0
DA:75,0
DA:110,0
LF:23
LH:0
BRDA:26,0,0,0
BRDA:27,1,0,0
BRDA:28,2,0,0
BRDA:29,3,0,0
BRDA:30,4,0,0
BRDA:64,5,0,0
BRDA:65,6,0,0
BRDA:70,7,0,0
BRDA:71,8,0,0
BRDA:75,9,0,0
BRDA:86,10,0,0
BRDA:86,10,1,0
BRDA:88,11,0,0
BRDA:88,11,1,0
BRDA:112,12,0,0
BRDA:119,13,0,0
BRDA:119,13,1,0
BRF:17
BRH:0
end_of_record
TN:
SF:components/auth/register-page.tsx
FN:24,(anonymous_5)
FN:40,(anonymous_6)
FN:88,(anonymous_7)
FN:101,(anonymous_8)
FN:115,(anonymous_9)
FN:123,(anonymous_10)
FN:138,(anonymous_11)
FN:142,(anonymous_12)
FN:146,(anonymous_13)
FN:166,(anonymous_14)
FN:189,(anonymous_15)
FN:198,(anonymous_16)
FN:211,(anonymous_17)
FN:222,(anonymous_18)
FN:235,(anonymous_19)
FN:251,(anonymous_20)
FN:265,(anonymous_21)
FNF:17
FNH:0
FNDA:0,(anonymous_5)
FNDA:0,(anonymous_6)
FNDA:0,(anonymous_7)
FNDA:0,(anonymous_8)
FNDA:0,(anonymous_9)
FNDA:0,(anonymous_10)
FNDA:0,(anonymous_11)
FNDA:0,(anonymous_12)
FNDA:0,(anonymous_13)
FNDA:0,(anonymous_14)
FNDA:0,(anonymous_15)
FNDA:0,(anonymous_16)
FNDA:0,(anonymous_17)
FNDA:0,(anonymous_18)
FNDA:0,(anonymous_19)
FNDA:0,(anonymous_20)
FNDA:0,(anonymous_21)
DA:3,0
DA:4,0
DA:5,0
DA:6,0
DA:7,0
DA:8,0
DA:9,0
DA:10,0
DA:11,0
DA:24,0
DA:25,0
DA:26,0
DA:27,0
DA:36,0
DA:37,0
DA:38,0
DA:40,0
DA:41,0
DA:43,0
DA:44,0
DA:47,0
DA:48,0
DA:51,0
DA:52,0
DA:53,0
DA:54,0
DA:57,0
DA:58,0
DA:59,0
DA:60,0
DA:61,0
DA:66,0
DA:70,0
DA:71,0
DA:72,0
DA:73,0
DA:76,0
DA:77,0
DA:80,0
DA:81,0
DA:84,0
DA:85,0
DA:88,0
DA:89,0
DA:91,0
DA:92,0
DA:95,0
DA:96,0
DA:98,0
DA:101,0
DA:104,0
DA:107,0
DA:109,0
DA:111,0
DA:115,0
DA:116,0
DA:117,0
DA:119,0
DA:122,0
DA:123,0
DA:126,0
DA:127,0
DA:129,0
DA:132,0
DA:134,0
DA:138,0
DA:142,0
DA:145,0
DA:146,0
DA:166,0
DA:189,0
DA:198,0
DA:211,0
DA:222,0
DA:235,0
DA:251,0
DA:266,0
DA:322,0
LF:78
LH:0
BRDA:43,0,0,0
BRDA:47,1,0,0
BRDA:51,2,0,0
BRDA:51,2,1,0
BRDA:53,3,0,0
BRDA:57,4,0,0
BRDA:57,4,1,0
BRDA:59,5,0,0
BRDA:59,5,1,0
BRDA:61,6,0,0
BRDA:70,7,0,0
BRDA:70,7,1,0
BRDA:72,8,0,0
BRDA:76,9,0,0
BRDA:80,10,0,0
BRDA:91,11,0,0
BRDA:126,12,0,0
BRDA:126,12,1,0
BRDA:145,13,0,0
BRDA:178,14,0,0
BRDA:241,15,0,0
BRDA:287,16,0,0
BRF:22
BRH:0
end_of_record
TN:
SF:components/auth/social-login-button.tsx
FN:13,(anonymous_2)
FN:19,(anonymous_3)
FNF:2
FNH:0
FNDA:0,(anonymous_2)
FNDA:0,(anonymous_3)
DA:3,0
DA:4,0
DA:13,0
DA:19,0
DA:20,0
DA:22,0
DA:46,0
DA:58,0
DA:67,0
DA:71,0
LF:10
LH:0
BRDA:16,0,0,0
BRDA:17,1,0,0
BRDA:20,2,0,0
BRDA:20,2,1,0
BRDA:20,2,2,0
BRDA:20,2,3,0
BRF:6
BRH:0
end_of_record
TN:
SF:components/auth/tenant-branding.tsx
FN:11,(anonymous_2)
FNF:1
FNH:0
FNDA:0,(anonymous_2)
DA:3,0
DA:4,0
DA:5,0
DA:11,0
DA:14,0
DA:17,0
LF:6
LH:0
BRDA:17,0,0,0
BRDA:31,1,0,0
BRDA:40,2,0,0
BRDA:40,2,1,0
BRDA:50,3,0,0
BRDA:50,3,1,0
BRF:6
BRH:0
end_of_record
TN:
SF:components/auth/visual-marketing-section.tsx
FN:17,(anonymous_2)
FNF:1
FNH:0
FNDA:0,(anonymous_2)
DA:3,0
DA:15,0
DA:17,0
DA:117,0
LF:4
LH:0
BRF:0
BRH:0
end_of_record
TN:
SF:components/settings/settings-content.tsx
FN:24,SettingsContent
FN:50,(anonymous_2)
FN:59,(anonymous_3)
FN:68,(anonymous_4)
FN:77,(anonymous_5)
FN:88,(anonymous_6)
FN:99,(anonymous_7)
FN:108,(anonymous_8)
FN:117,(anonymous_9)
FNF:9
FNH:0
FNDA:0,SettingsContent
FNDA:0,(anonymous_2)
FNDA:0,(anonymous_3)
FNDA:0,(anonymous_4)
FNDA:0,(anonymous_5)
FNDA:0,(anonymous_6)
FNDA:0,(anonymous_7)
FNDA:0,(anonymous_8)
FNDA:0,(anonymous_9)
DA:3,0
DA:4,0
DA:5,0
DA:6,0
DA:7,0
DA:8,0
DA:9,0
DA:10,0
DA:24,0
DA:34,0
DA:44,0
DA:50,0
DA:59,0
DA:68,0
DA:78,0
DA:89,0
DA:99,0
DA:108,0
DA:118,0
LF:19
LH:0
BRF:0
BRH:0
end_of_record
TN:
SF:components/settings/settings-error.tsx
FN:18,SettingsError
FN:46,(anonymous_2)
FNF:2
FNH:0
FNDA:0,SettingsError
FNDA:0,(anonymous_2)
DA:3,0
DA:10,0
DA:11,0
DA:18,0
DA:46,0
LF:5
LH:0
BRF:0
BRH:0
end_of_record
TN:
SF:components/settings/settings-footer.tsx
FN:17,SettingsFooter
FN:113,(anonymous_2)
FNF:2
FNH:0
FNDA:0,SettingsFooter
FNDA:0,(anonymous_2)
DA:3,0
DA:4,0
DA:5,0
DA:6,0
DA:17,0
DA:25,0
DA:26,0
DA:114,0
LF:8
LH:0
BRDA:34,0,0,0
BRDA:47,1,0,0
BRDA:49,2,0,0
BRDA:49,2,1,0
BRDA:56,3,0,0
BRDA:86,4,0,0
BRDA:86,4,1,0
BRDA:86,4,2,0
BRDA:91,5,0,0
BRDA:106,6,0,0
BRDA:118,7,0,0
BRDA:121,8,0,0
BRDA:121,8,1,0
BRF:13
BRH:0
end_of_record
TN:
SF:components/settings/settings-header.tsx
FN:31,SettingsHeader
FNF:1
FNH:0
FNDA:0,SettingsHeader
DA:3,0
DA:4,0
DA:5,0
DA:6,0
DA:20,0
DA:31,0
LF:6
LH:0
BRDA:50,0,0,0
BRDA:50,0,1,0
BRDA:54,1,0,0
BRDA:67,2,0,0
BRDA:97,3,0,0
BRDA:97,3,1,0
BRDA:102,4,0,0
BRF:7
BRH:0
end_of_record
TN:
SF:components/settings/settings-loading.tsx
FN:6,SettingsLoading
FN:16,(anonymous_2)
FN:50,(anonymous_3)
FN:59,(anonymous_4)
FNF:4
FNH:0
FNDA:0,SettingsLoading
FNDA:0,(anonymous_2)
FNDA:0,(anonymous_3)
FNDA:0,(anonymous_4)
DA:3,0
DA:4,0
DA:6,0
DA:17,0
DA:51,0
DA:60,0
LF:6
LH:0
BRF:0
BRH:0
end_of_record
TN:
SF:components/settings/settings-navigation.tsx
FN:83,SettingsNavigation
FN:106,(anonymous_2)
FN:113,(anonymous_3)
FNF:3
FNH:0
FNDA:0,SettingsNavigation
FNDA:0,(anonymous_2)
FNDA:0,(anonymous_3)
DA:3,0
DA:4,0
DA:15,0
DA:24,0
DA:83,0
DA:107,0
DA:108,0
DA:110,0
DA:113,0
LF:9
LH:0
BRDA:96,0,0,0
BRDA:117,1,0,0
BRDA:117,1,1,0
BRDA:126,2,0,0
BRDA:126,2,1,0
BRDA:138,3,0,0
BRDA:138,3,1,0
BRDA:143,4,0,0
BRDA:145,5,0,0
BRDA:145,5,1,0
BRDA:155,6,0,0
BRDA:155,6,1,0
BRF:12
BRH:0
end_of_record
TN:
SF:components/settings/settings-page-content.tsx
FN:18,SettingsPageContent
FN:49,(anonymous_2)
FN:50,(anonymous_3)
FN:72,(anonymous_4)
FN:84,(anonymous_5)
FN:89,(anonymous_6)
FN:111,(anonymous_7)
FN:122,(anonymous_8)
FN:139,(anonymous_9)
FNF:9
FNH:0
FNDA:0,SettingsPageContent
FNDA:0,(anonymous_2)
FNDA:0,(anonymous_3)
FNDA:0,(anonymous_4)
FNDA:0,(anonymous_5)
FNDA:0,(anonymous_6)
FNDA:0,(anonymous_7)
FNDA:0,(anonymous_8)
FNDA:0,(anonymous_9)
DA:3,0
DA:4,0
DA:5,0
DA:6,0
DA:7,0
DA:8,0
DA:9,0
DA:10,0
DA:11,0
DA:18,0
DA:19,0
DA:29,0
DA:44,0
DA:46,0
DA:49,0
DA:50,0
DA:51,0
DA:52,0
DA:53,0
DA:55,0
DA:56,0
DA:57,0
DA:58,0
DA:60,0
DA:64,0
DA:68,0
DA:72,0
DA:73,0
DA:74,0
DA:77,0
DA:79,0
DA:80,0
DA:84,0
DA:85,0
DA:89,0
DA:90,0
DA:91,0
DA:92,0
DA:94,0
DA:99,0
DA:101,0
DA:102,0
DA:104,0
DA:106,0
DA:111,0
DA:112,0
DA:115,0
DA:116,0
DA:117,0
DA:122,0
DA:123,0
DA:124,0
DA:127,0
DA:129,0
DA:130,0
DA:133,0
DA:134,0
DA:137,0
DA:139,0
LF:59
LH:0
BRDA:56,0,0,0
BRDA:61,1,0,0
BRDA:61,1,1,0
BRDA:73,2,0,0
BRDA:77,3,0,0
BRDA:99,4,0,0
BRDA:104,5,0,0
BRDA:104,5,1,0
BRDA:115,6,0,0
BRDA:123,7,0,0
BRDA:127,8,0,0
BRDA:133,9,0,0
BRDA:137,10,0,0
BRF:13
BRH:0
end_of_record
TN:
SF:components/settings/theme-presets.tsx
FN:323,ThemePresets
FN:331,(anonymous_5)
FN:337,(anonymous_6)
FN:346,(anonymous_7)
FN:366,(anonymous_8)
FN:371,(anonymous_9)
FN:374,(anonymous_10)
FN:399,(anonymous_11)
FN:403,(anonymous_12)
FN:461,(anonymous_13)
FNF:10
FNH:0
FNDA:0,ThemePresets
FNDA:0,(anonymous_5)
FNDA:0,(anonymous_6)
FNDA:0,(anonymous_7)
FNDA:0,(anonymous_8)
FNDA:0,(anonymous_9)
FNDA:0,(anonymous_10)
FNDA:0,(anonymous_11)
FNDA:0,(anonymous_12)
FNDA:0,(anonymous_13)
DA:10,0
DA:16,0
DA:18,0
DA:19,0
DA:31,0
DA:63,0
DA:307,0
DA:315,0
DA:323,0
DA:327,0
DA:328,0
DA:331,0
DA:333,0
DA:335,0
DA:338,0
DA:340,0
DA:344,0
DA:346,0
DA:366,0
DA:372,0
DA:374,0
DA:400,0
DA:403,0
DA:462,0
LF:24
LH:0
BRDA:333,0,0,0
BRDA:333,0,1,0
BRDA:335,1,0,0
BRDA:335,1,1,0
BRDA:335,1,2,0
BRDA:340,2,0,0
BRDA:340,2,1,0
BRDA:376,3,0,0
BRDA:376,3,1,0
BRDA:382,4,0,0
BRDA:470,5,0,0
BRDA:482,6,0,0
BRF:12
BRH:0
end_of_record
TN:
SF:components/settings/theme-preview.tsx
FN:68,ThemePreview
FN:83,(anonymous_5)
FN:88,(anonymous_6)
FN:103,(anonymous_7)
FN:120,(anonymous_8)
FN:144,(anonymous_10)
FN:153,(anonymous_11)
FN:160,(anonymous_12)
FN:166,(anonymous_13)
FN:173,(anonymous_14)
FN:257,(anonymous_17)
FN:267,(anonymous_18)
FN:404,(anonymous_19)
FN:408,(anonymous_20)
FN:412,(anonymous_21)
FNF:15
FNH:0
FNDA:0,ThemePreview
FNDA:0,(anonymous_5)
FNDA:0,(anonymous_6)
FNDA:0,(anonymous_7)
FNDA:0,(anonymous_8)
FNDA:0,(anonymous_10)
FNDA:0,(anonymous_11)
FNDA:0,(anonymous_12)
FNDA:0,(anonymous_13)
FNDA:0,(anonymous_14)
FNDA:0,(anonymous_17)
FNDA:0,(anonymous_18)
FNDA:0,(anonymous_19)
FNDA:0,(anonymous_20)
FNDA:0,(anonymous_21)
DA:10,0
DA:11,0
DA:17,0
DA:24,0
DA:31,0
DA:32,0
DA:33,0
DA:34,0
DA:35,0
DA:45,0
DA:68,0
DA:75,0
DA:77,0
DA:78,0
DA:79,0
DA:80,0
DA:83,0
DA:84,0
DA:88,0
DA:89,0
DA:91,0
DA:103,0
DA:104,0
DA:115,0
DA:116,0
DA:120,0
DA:121,0
DA:132,0
DA:133,0
DA:144,0
DA:154,0
DA:160,0
DA:166,0
DA:173,0
DA:258,0
DA:268,0
DA:405,0
DA:406,0
DA:407,0
DA:408,0
DA:409,0
DA:410,0
DA:411,0
DA:412,0
DA:413,0
DA:414,0
DA:415,0
DA:418,0
DA:419,0
DA:423,0
DA:426,0
LF:51
LH:0
BRDA:89,0,0,0
BRDA:147,1,0,0
BRDA:147,1,1,0
BRDA:162,2,0,0
BRDA:162,2,1,0
BRDA:410,3,0,0
BRDA:418,4,0,0
BRF:7
BRH:0
end_of_record
TN:
SF:components/settings/theme-validation.tsx
FN:44,getLuminance
FN:49,(anonymous_5)
FN:58,getContrastRatio
FN:68,hexToRgb
FN:80,isValidHexColor
FN:85,isValidFontFamily
FN:89,ThemeValidation
FN:97,(anonymous_11)
FN:104,(anonymous_12)
FN:223,(anonymous_13)
FN:293,(anonymous_14)
FN:306,(anonymous_15)
FN:319,(anonymous_16)
FN:333,(anonymous_17)
FN:343,(anonymous_18)
FN:344,(anonymous_19)
FN:345,(anonymous_20)
FN:347,(anonymous_21)
FN:411,(anonymous_22)
FN:429,(anonymous_23)
FNF:20
FNH:0
FNDA:0,getLuminance
FNDA:0,(anonymous_5)
FNDA:0,getContrastRatio
FNDA:0,hexToRgb
FNDA:0,isValidHexColor
FNDA:0,isValidFontFamily
FNDA:0,ThemeValidation
FNDA:0,(anonymous_11)
FNDA:0,(anonymous_12)
FNDA:0,(anonymous_13)
FNDA:0,(anonymous_14)
FNDA:0,(anonymous_15)
FNDA:0,(anonymous_16)
FNDA:0,(anonymous_17)
FNDA:0,(anonymous_18)
FNDA:0,(anonymous_19)
FNDA:0,(anonymous_20)
FNDA:0,(anonymous_21)
FNDA:0,(anonymous_22)
FNDA:0,(anonymous_23)
DA:10,0
DA:16,0
DA:17,0
DA:27,0
DA:45,0
DA:46,0
DA:48,0
DA:49,0
DA:50,0
DA:51,0
DA:54,0
DA:59,0
DA:60,0
DA:61,0
DA:62,0
DA:64,0
DA:69,0
DA:70,0
DA:81,0
DA:86,0
DA:89,0
DA:93,0
DA:97,0
DA:98,0
DA:101,0
DA:104,0
DA:105,0
DA:106,0
DA:117,0
DA:118,0
DA:119,0
DA:120,0
DA:121,0
DA:123,0
DA:124,0
DA:126,0
DA:127,0
DA:134,0
DA:135,0
DA:143,0
DA:154,0
DA:155,0
DA:157,0
DA:158,0
DA:169,0
DA:170,0
DA:172,0
DA:173,0
DA:184,0
DA:186,0
DA:187,0
DA:196,0
DA:197,0
DA:207,0
DA:223,0
DA:224,0
DA:227,0
DA:232,0
DA:243,0
DA:247,0
DA:258,0
DA:260,0
DA:261,0
DA:271,0
DA:274,0
DA:278,0
DA:279,0
DA:289,0
DA:290,0
DA:293,0
DA:294,0
DA:306,0
DA:307,0
DA:319,0
DA:320,0
DA:322,0
DA:324,0
DA:326,0
DA:328,0
DA:332,0
DA:334,0
DA:335,0
DA:337,0
DA:338,0
DA:343,0
DA:344,0
DA:345,0
DA:346,0
DA:347,0
DA:350,0
DA:353,0
DA:412,0
DA:430,0
LF:93
LH:0
BRDA:46,0,0,0
BRDA:51,1,0,0
BRDA:51,1,1,0
BRDA:70,2,0,0
BRDA:70,2,1,0
BRDA:105,3,0,0
BRDA:123,4,0,0
BRDA:123,5,0,0
BRDA:123,5,1,0
BRDA:126,6,0,0
BRDA:126,6,1,0
BRDA:134,7,0,0
BRDA:134,7,1,0
BRDA:154,8,0,0
BRDA:154,9,0,0
BRDA:154,9,1,0
BRDA:157,10,0,0
BRDA:169,11,0,0
BRDA:169,12,0,0
BRDA:169,12,1,0
BRDA:172,13,0,0
BRDA:186,14,0,0
BRDA:196,15,0,0
BRDA:196,16,0,0
BRDA:196,16,1,0
BRDA:227,17,0,0
BRDA:228,18,0,0
BRDA:228,18,1,0
BRDA:228,18,2,0
BRDA:243,19,0,0
BRDA:244,20,0,0
BRDA:244,20,1,0
BRDA:258,21,0,0
BRDA:258,21,1,0
BRDA:260,22,0,0
BRDA:271,23,0,0
BRDA:271,23,1,0
BRDA:274,24,0,0
BRDA:274,24,1,0
BRDA:278,25,0,0
BRDA:320,26,0,0
BRDA:320,26,1,0
BRDA:320,26,2,0
BRDA:320,26,3,0
BRDA:334,27,0,0
BRDA:437,28,0,0
BRDA:450,29,0,0
BRF:47
BRH:0
end_of_record
TN:
SF:components/settings/sections/branding-settings.tsx
FN:36,BrandingSettings
FN:58,(anonymous_2)
FN:63,(anonymous_3)
FN:65,(anonymous_4)
FN:73,(anonymous_5)
FN:81,(anonymous_6)
FN:95,(anonymous_7)
FN:108,(anonymous_8)
FN:113,(anonymous_9)
FN:137,(anonymous_10)
FN:161,(anonymous_11)
FN:164,(anonymous_12)
FN:506,(anonymous_13)
FN:532,(anonymous_14)
FN:577,(anonymous_15)
FN:608,(anonymous_16)
FN:629,(anonymous_17)
FN:639,(anonymous_18)
FN:645,(anonymous_19)
FN:685,(anonymous_20)
FN:710,(anonymous_21)
FN:738,(anonymous_22)
FN:765,(anonymous_23)
FN:785,(anonymous_24)
FN:910,(anonymous_25)
FNF:25
FNH:0
FNDA:0,BrandingSettings
FNDA:0,(anonymous_2)
FNDA:0,(anonymous_3)
FNDA:0,(anonymous_4)
FNDA:0,(anonymous_5)
FNDA:0,(anonymous_6)
FNDA:0,(anonymous_7)
FNDA:0,(anonymous_8)
FNDA:0,(anonymous_9)
FNDA:0,(anonymous_10)
FNDA:0,(anonymous_11)
FNDA:0,(anonymous_12)
FNDA:0,(anonymous_13)
FNDA:0,(anonymous_14)
FNDA:0,(anonymous_15)
FNDA:0,(anonymous_16)
FNDA:0,(anonymous_17)
FNDA:0,(anonymous_18)
FNDA:0,(anonymous_19)
FNDA:0,(anonymous_20)
FNDA:0,(anonymous_21)
FNDA:0,(anonymous_22)
FNDA:0,(anonymous_23)
FNDA:0,(anonymous_24)
FNDA:0,(anonymous_25)
DA:3,0
DA:4,0
DA:11,0
DA:12,0
DA:13,0
DA:14,0
DA:15,0
DA:22,0
DA:23,0
DA:24,0
DA:26,0
DA:27,0
DA:28,0
DA:36,0
DA:41,0
DA:42,0
DA:52,0
DA:56,0
DA:58,0
DA:59,0
DA:60,0
DA:63,0
DA:64,0
DA:65,0
DA:66,0
DA:73,0
DA:74,0
DA:81,0
DA:82,0
DA:90,0
DA:91,0
DA:95,0
DA:96,0
DA:98,0
DA:99,0
DA:101,0
DA:102,0
DA:103,0
DA:104,0
DA:108,0
DA:109,0
DA:113,0
DA:114,0
DA:137,0
DA:162,0
DA:164,0
DA:507,0
DA:533,0
DA:578,0
DA:609,0
DA:630,0
DA:641,0
DA:643,0
DA:645,0
DA:646,0
DA:686,0
DA:711,0
DA:739,0
DA:766,0
DA:786,0
DA:911,0
LF:61
LH:0
BRDA:75,0,0,0
BRDA:75,0,1,0
BRDA:128,1,0,0
BRDA:137,2,0,0
BRDA:166,3,0,0
BRDA:166,3,1,0
BRDA:179,4,0,0
BRDA:183,5,0,0
BRDA:193,6,0,0
BRDA:195,7,0,0
BRDA:223,8,0,0
BRDA:223,8,1,0
BRDA:228,9,0,0
BRDA:243,10,0,0
BRDA:243,10,1,0
BRDA:248,11,0,0
BRDA:296,12,0,0
BRDA:296,12,1,0
BRDA:301,13,0,0
BRDA:322,14,0,0
BRDA:322,14,1,0
BRDA:331,15,0,0
BRDA:331,15,1,0
BRDA:336,16,0,0
BRDA:352,17,0,0
BRDA:352,17,1,0
BRDA:361,18,0,0
BRDA:361,18,1,0
BRDA:366,19,0,0
BRDA:382,20,0,0
BRDA:382,20,1,0
BRDA:391,21,0,0
BRDA:391,21,1,0
BRDA:396,22,0,0
BRDA:412,23,0,0
BRDA:412,23,1,0
BRDA:421,24,0,0
BRDA:421,24,1,0
BRDA:426,25,0,0
BRDA:442,26,0,0
BRDA:442,26,1,0
BRDA:451,27,0,0
BRDA:451,27,1,0
BRDA:456,28,0,0
BRDA:472,29,0,0
BRDA:472,29,1,0
BRDA:481,30,0,0
BRDA:481,30,1,0
BRDA:486,31,0,0
BRDA:503,32,0,0
BRDA:503,32,1,0
BRDA:529,33,0,0
BRDA:529,33,1,0
BRDA:635,34,0,0
BRDA:635,34,1,0
BRDA:641,35,0,0
BRDA:641,35,1,0
BRDA:643,36,0,0
BRDA:643,36,1,0
BRDA:829,37,0,0
BRDA:829,37,1,0
BRDA:836,38,0,0
BRDA:860,39,0,0
BRDA:860,39,1,0
BRDA:867,40,0,0
BRDA:886,41,0,0
BRDA:886,41,1,0
BRDA:893,42,0,0
BRF:68
BRH:0
end_of_record
TN:
SF:components/settings/sections/business-operations-settings.tsx
FN:33,BusinessOperationsSettings
FN:52,(anonymous_2)
FN:57,(anonymous_3)
FN:60,(anonymous_4)
FN:68,(anonymous_5)
FN:108,(anonymous_6)
FN:133,(anonymous_7)
FN:141,(anonymous_8)
FN:228,(anonymous_9)
FN:236,(anonymous_10)
FN:241,(anonymous_11)
FN:495,(anonymous_12)
FN:545,(anonymous_13)
FN:567,(anonymous_14)
FN:589,(anonymous_15)
FN:619,(anonymous_16)
FN:641,(anonymous_17)
FN:663,(anonymous_18)
FNF:18
FNH:0
FNDA:0,BusinessOperationsSettings
FNDA:0,(anonymous_2)
FNDA:0,(anonymous_3)
FNDA:0,(anonymous_4)
FNDA:0,(anonymous_5)
FNDA:0,(anonymous_6)
FNDA:0,(anonymous_7)
FNDA:0,(anonymous_8)
FNDA:0,(anonymous_9)
FNDA:0,(anonymous_10)
FNDA:0,(anonymous_11)
FNDA:0,(anonymous_12)
FNDA:0,(anonymous_13)
FNDA:0,(anonymous_14)
FNDA:0,(anonymous_15)
FNDA:0,(anonymous_16)
FNDA:0,(anonymous_17)
FNDA:0,(anonymous_18)
DA:3,0
DA:4,0
DA:11,0
DA:12,0
DA:13,0
DA:14,0
DA:15,0
DA:22,0
DA:23,0
DA:24,0
DA:33,0
DA:38,0
DA:46,0
DA:50,0
DA:52,0
DA:53,0
DA:54,0
DA:57,0
DA:58,0
DA:60,0
DA:61,0
DA:68,0
DA:69,0
DA:70,0
DA:71,0
DA:75,0
DA:108,0
DA:134,0
DA:142,0
DA:229,0
DA:238,0
DA:239,0
DA:241,0
DA:242,0
DA:496,0
DA:546,0
DA:568,0
DA:590,0
DA:620,0
DA:642,0
DA:664,0
LF:41
LH:0
BRDA:71,0,0,0
BRDA:71,0,1,0
BRDA:71,0,2,0
BRDA:71,1,0,0
BRDA:71,1,1,0
BRDA:72,2,0,0
BRDA:72,2,1,0
BRDA:99,3,0,0
BRDA:108,4,0,0
BRDA:149,5,0,0
BRDA:160,6,0,0
BRDA:160,6,1,0
BRDA:174,7,0,0
BRDA:174,7,1,0
BRDA:183,8,0,0
BRDA:239,9,0,0
BRDA:239,9,1,0
BRDA:256,10,0,0
BRDA:281,11,0,0
BRDA:281,11,1,0
BRDA:288,12,0,0
BRDA:315,13,0,0
BRDA:315,13,1,0
BRDA:322,14,0,0
BRDA:350,15,0,0
BRDA:350,15,1,0
BRDA:357,16,0,0
BRDA:393,17,0,0
BRDA:393,17,1,0
BRDA:400,18,0,0
BRDA:430,19,0,0
BRDA:430,19,1,0
BRDA:437,20,0,0
BRDA:460,21,0,0
BRDA:460,21,1,0
BRDA:479,22,0,0
BRDA:479,22,1,0
BRF:37
BRH:0
end_of_record
TN:
SF:components/settings/sections/company-profile-settings.tsx
FN:33,CompanyProfileSettings
FN:52,(anonymous_2)
FN:57,(anonymous_3)
FN:60,(anonymous_4)
FN:68,(anonymous_5)
FN:97,(anonymous_6)
FN:182,(anonymous_7)
FN:214,(anonymous_8)
FNF:8
FNH:0
FNDA:0,CompanyProfileSettings
FNDA:0,(anonymous_2)
FNDA:0,(anonymous_3)
FNDA:0,(anonymous_4)
FNDA:0,(anonymous_5)
FNDA:0,(anonymous_6)
FNDA:0,(anonymous_7)
FNDA:0,(anonymous_8)
DA:3,0
DA:4,0
DA:11,0
DA:12,0
DA:13,0
DA:14,0
DA:21,0
DA:22,0
DA:23,0
DA:24,0
DA:33,0
DA:38,0
DA:46,0
DA:50,0
DA:52,0
DA:53,0
DA:54,0
DA:57,0
DA:58,0
DA:60,0
DA:61,0
DA:68,0
DA:69,0
DA:97,0
DA:183,0
DA:214,0
LF:26
LH:0
BRDA:70,0,0,0
BRDA:70,0,1,0
BRDA:88,1,0,0
BRDA:97,2,0,0
BRDA:132,3,0,0
BRDA:132,3,1,0
BRDA:135,4,0,0
BRDA:150,5,0,0
BRDA:150,5,1,0
BRDA:152,6,0,0
BRDA:169,7,0,0
BRDA:169,7,1,0
BRDA:171,8,0,0
BRDA:189,9,0,0
BRDA:189,9,1,0
BRDA:201,10,0,0
BRDA:219,11,0,0
BRDA:219,11,1,0
BRDA:239,12,0,0
BRDA:260,13,0,0
BRDA:260,13,1,0
BRDA:263,14,0,0
BRDA:297,15,0,0
BRDA:297,15,1,0
BRDA:302,16,0,0
BRDA:318,17,0,0
BRDA:318,17,1,0
BRDA:323,18,0,0
BRDA:342,19,0,0
BRDA:342,19,1,0
BRDA:347,20,0,0
BRDA:363,21,0,0
BRDA:363,21,1,0
BRDA:368,22,0,0
BRDA:400,23,0,0
BRDA:400,23,1,0
BRDA:403,24,0,0
BRDA:424,25,0,0
BRDA:424,25,1,0
BRDA:429,26,0,0
BRDA:446,27,0,0
BRDA:446,27,1,0
BRDA:449,28,0,0
BRDA:473,29,0,0
BRDA:473,29,1,0
BRDA:478,30,0,0
BRDA:494,31,0,0
BRDA:494,31,1,0
BRDA:499,32,0,0
BRDA:517,33,0,0
BRDA:517,33,1,0
BRDA:522,34,0,0
BRDA:538,35,0,0
BRDA:538,35,1,0
BRDA:543,36,0,0
BRDA:559,37,0,0
BRDA:559,37,1,0
BRDA:564,38,0,0
BRDA:597,39,0,0
BRDA:597,39,1,0
BRDA:601,40,0,0
BRF:61
BRH:0
end_of_record
TN:
SF:components/settings/sections/compliance-settings.tsx
FN:33,ComplianceSettings
FN:52,(anonymous_2)
FN:57,(anonymous_3)
FN:59,(anonymous_4)
FN:67,(anonymous_5)
FN:74,(anonymous_6)
FN:90,(anonymous_7)
FN:92,(anonymous_8)
FN:117,(anonymous_9)
FN:155,(anonymous_10)
FN:188,(anonymous_11)
FN:198,(anonymous_12)
FN:204,(anonymous_13)
FN:237,(anonymous_14)
FN:270,(anonymous_15)
FN:280,(anonymous_16)
FN:286,(anonymous_17)
FN:319,(anonymous_18)
FN:352,(anonymous_19)
FN:362,(anonymous_20)
FN:368,(anonymous_21)
FN:417,(anonymous_22)
FN:429,(anonymous_23)
FN:468,(anonymous_24)
FN:522,(anonymous_25)
FN:576,(anonymous_26)
FN:607,(anonymous_27)
FN:656,(anonymous_28)
FN:676,(anonymous_29)
FNF:29
FNH:0
FNDA:0,ComplianceSettings
FNDA:0,(anonymous_2)
FNDA:0,(anonymous_3)
FNDA:0,(anonymous_4)
FNDA:0,(anonymous_5)
FNDA:0,(anonymous_6)
FNDA:0,(anonymous_7)
FNDA:0,(anonymous_8)
FNDA:0,(anonymous_9)
FNDA:0,(anonymous_10)
FNDA:0,(anonymous_11)
FNDA:0,(anonymous_12)
FNDA:0,(anonymous_13)
FNDA:0,(anonymous_14)
FNDA:0,(anonymous_15)
FNDA:0,(anonymous_16)
FNDA:0,(anonymous_17)
FNDA:0,(anonymous_18)
FNDA:0,(anonymous_19)
FNDA:0,(anonymous_20)
FNDA:0,(anonymous_21)
FNDA:0,(anonymous_22)
FNDA:0,(anonymous_23)
FNDA:0,(anonymous_24)
FNDA:0,(anonymous_25)
FNDA:0,(anonymous_26)
FNDA:0,(anonymous_27)
FNDA:0,(anonymous_28)
FNDA:0,(anonymous_29)
DA:3,0
DA:4,0
DA:11,0
DA:12,0
DA:13,0
DA:14,0
DA:15,0
DA:22,0
DA:23,0
DA:24,0
DA:33,0
DA:38,0
DA:46,0
DA:50,0
DA:52,0
DA:53,0
DA:54,0
DA:57,0
DA:58,0
DA:59,0
DA:60,0
DA:67,0
DA:68,0
DA:74,0
DA:75,0
DA:84,0
DA:90,0
DA:91,0
DA:92,0
DA:94,0
DA:117,0
DA:156,0
DA:189,0
DA:200,0
DA:202,0
DA:204,0
DA:205,0
DA:238,0
DA:271,0
DA:282,0
DA:284,0
DA:286,0
DA:287,0
DA:320,0
DA:353,0
DA:364,0
DA:366,0
DA:368,0
DA:369,0
DA:418,0
DA:429,0
DA:469,0
DA:523,0
DA:577,0
DA:608,0
DA:657,0
DA:677,0
LF:57
LH:0
BRDA:69,0,0,0
BRDA:69,0,1,0
BRDA:108,1,0,0
BRDA:117,2,0,0
BRDA:162,3,0,0
BRDA:194,4,0,0
BRDA:194,4,1,0
BRDA:200,5,0,0
BRDA:200,5,1,0
BRDA:202,6,0,0
BRDA:202,6,1,0
BRDA:244,7,0,0
BRDA:276,8,0,0
BRDA:276,8,1,0
BRDA:282,9,0,0
BRDA:282,9,1,0
BRDA:284,10,0,0
BRDA:284,10,1,0
BRDA:326,11,0,0
BRDA:358,12,0,0
BRDA:358,12,1,0
BRDA:364,13,0,0
BRDA:364,13,1,0
BRDA:366,14,0,0
BRDA:366,14,1,0
BRDA:404,15,0,0
BRDA:424,16,0,0
BRDA:446,17,0,0
BRDA:446,17,1,0
BRDA:453,18,0,0
BRDA:500,19,0,0
BRDA:500,19,1,0
BRDA:507,20,0,0
BRDA:554,21,0,0
BRDA:554,21,1,0
BRDA:561,22,0,0
BRDA:638,23,0,0
BRDA:638,23,1,0
BRDA:643,24,0,0
BRF:39
BRH:0
end_of_record
TN:
SF:components/settings/sections/data-management-settings.tsx
FN:40,DataManagementSettings
FN:59,(anonymous_2)
FN:64,(anonymous_3)
FN:66,(anonymous_4)
FN:74,(anonymous_5)
FN:81,(anonymous_6)
FN:94,(anonymous_7)
FN:96,(anonymous_8)
FN:123,(anonymous_9)
FN:158,(anonymous_10)
FN:206,(anonymous_11)
FN:216,(anonymous_12)
FN:221,(anonymous_13)
FN:247,(anonymous_14)
FN:375,(anonymous_15)
FN:427,(anonymous_16)
FN:442,(anonymous_17)
FN:510,(anonymous_18)
FN:519,(anonymous_19)
FN:521,(anonymous_20)
FN:523,(anonymous_21)
FN:554,(anonymous_22)
FN:621,(anonymous_23)
FN:633,(anonymous_24)
FN:711,(anonymous_25)
FN:734,(anonymous_26)
FN:765,(anonymous_27)
FN:784,(anonymous_28)
FN:825,(anonymous_29)
FN:841,(anonymous_30)
FN:879,(anonymous_31)
FN:895,(anonymous_32)
FN:911,(anonymous_33)
FN:927,(anonymous_34)
FNF:34
FNH:0
FNDA:0,DataManagementSettings
FNDA:0,(anonymous_2)
FNDA:0,(anonymous_3)
FNDA:0,(anonymous_4)
FNDA:0,(anonymous_5)
FNDA:0,(anonymous_6)
FNDA:0,(anonymous_7)
FNDA:0,(anonymous_8)
FNDA:0,(anonymous_9)
FNDA:0,(anonymous_10)
FNDA:0,(anonymous_11)
FNDA:0,(anonymous_12)
FNDA:0,(anonymous_13)
FNDA:0,(anonymous_14)
FNDA:0,(anonymous_15)
FNDA:0,(anonymous_16)
FNDA:0,(anonymous_17)
FNDA:0,(anonymous_18)
FNDA:0,(anonymous_19)
FNDA:0,(anonymous_20)
FNDA:0,(anonymous_21)
FNDA:0,(anonymous_22)
FNDA:0,(anonymous_23)
FNDA:0,(anonymous_24)
FNDA:0,(anonymous_25)
FNDA:0,(anonymous_26)
FNDA:0,(anonymous_27)
FNDA:0,(anonymous_28)
FNDA:0,(anonymous_29)
FNDA:0,(anonymous_30)
FNDA:0,(anonymous_31)
FNDA:0,(anonymous_32)
FNDA:0,(anonymous_33)
FNDA:0,(anonymous_34)
DA:3,0
DA:4,0
DA:11,0
DA:12,0
DA:13,0
DA:14,0
DA:15,0
DA:22,0
DA:23,0
DA:31,0
DA:40,0
DA:45,0
DA:53,0
DA:57,0
DA:59,0
DA:60,0
DA:61,0
DA:64,0
DA:65,0
DA:66,0
DA:67,0
DA:74,0
DA:75,0
DA:81,0
DA:82,0
DA:88,0
DA:94,0
DA:95,0
DA:96,0
DA:98,0
DA:123,0
DA:159,0
DA:207,0
DA:218,0
DA:219,0
DA:221,0
DA:222,0
DA:248,0
DA:376,0
DA:428,0
DA:443,0
DA:511,0
DA:519,0
DA:522,0
DA:523,0
DA:524,0
DA:528,0
DA:555,0
DA:622,0
DA:633,0
DA:712,0
DA:735,0
DA:766,0
DA:785,0
DA:826,0
DA:842,0
DA:880,0
DA:896,0
DA:912,0
DA:928,0
LF:60
LH:0
BRDA:76,0,0,0
BRDA:76,0,1,0
BRDA:114,1,0,0
BRDA:123,2,0,0
BRDA:157,3,0,0
BRDA:157,3,1,0
BRDA:182,4,0,0
BRDA:182,4,1,0
BRDA:187,5,0,0
BRDA:212,6,0,0
BRDA:212,6,1,0
BRDA:218,7,0,0
BRDA:218,7,1,0
BRDA:219,8,0,0
BRDA:219,8,1,0
BRDA:246,9,0,0
BRDA:246,9,1,0
BRDA:273,10,0,0
BRDA:273,10,1,0
BRDA:278,11,0,0
BRDA:299,12,0,0
BRDA:299,12,1,0
BRDA:304,13,0,0
BRDA:325,14,0,0
BRDA:325,14,1,0
BRDA:330,15,0,0
BRDA:351,16,0,0
[...]
BRDA:285,20,1,0
BRDA:321,21,0,0
BRDA:338,22,0,0
BRDA:353,23,0,0
BRDA:353,23,1,0
BRDA:361,24,0,0
BRDA:361,24,1,0
BRDA:363,25,0,0
BRDA:363,25,1,0
BRDA:369,26,0,0
BRDA:369,26,1,0
BRDA:370,27,0,0
BRDA:370,27,1,0
BRDA:390,28,0,0
BRF:39
BRH:0
end_of_record
TN:
SF:lib/tenant-theme.ts
FN:110,(anonymous_6)
FN:123,(anonymous_7)
FN:158,(anonymous_8)
FN:179,(anonymous_9)
FN:233,(anonymous_10)
FN:250,(anonymous_11)
FN:260,(anonymous_12)
FN:265,(anonymous_13)
FN:270,(anonymous_14)
FN:281,(anonymous_15)
FN:305,useTenantTheme
FN:309,(anonymous_18)
FN:320,(anonymous_19)
FN:321,(anonymous_20)
FN:326,getCSSVariable
FN:335,setCSSVariable
FNF:16
FNH:0
FNDA:0,(anonymous_6)
FNDA:0,(anonymous_7)
FNDA:0,(anonymous_8)
FNDA:0,(anonymous_9)
FNDA:0,(anonymous_10)
FNDA:0,(anonymous_11)
FNDA:0,(anonymous_12)
FNDA:0,(anonymous_13)
FNDA:0,(anonymous_14)
FNDA:0,(anonymous_15)
FNDA:0,useTenantTheme
FNDA:0,(anonymous_18)
FNDA:0,(anonymous_19)
FNDA:0,(anonymous_20)
FNDA:0,getCSSVariable
FNDA:0,setCSSVariable
DA:1,0
DA:2,0
DA:62,0
DA:63,0
DA:64,0
DA:65,0
DA:68,0
DA:111,0
DA:112,0
DA:114,0
DA:115,0
DA:117,0
DA:118,0
DA:119,0
DA:124,0
DA:126,0
DA:159,0
DA:180,0
DA:183,0
DA:184,0
DA:188,0
DA:189,0
DA:191,0
DA:228,0
DA:229,0
DA:234,0
DA:236,0
DA:239,0
DA:240,0
DA:242,0
DA:243,0
DA:244,0
DA:245,0
DA:251,0
DA:253,0
DA:254,0
DA:255,0
DA:261,0
DA:266,0
DA:271,0
DA:272,0
DA:274,0
DA:275,0
DA:276,0
DA:282,0
DA:302,0
DA:305,0
DA:306,0
DA:309,0
DA:310,0
DA:311,0
DA:313,0
DA:317,0
DA:320,0
DA:321,0
DA:326,0
DA:327,0
DA:329,0
DA:335,0
DA:336,0
DA:338,0
LF:61
LH:0
BRDA:124,0,0,0
BRDA:124,0,1,0
BRDA:128,1,0,0
BRDA:128,1,1,0
BRDA:130,2,0,0
BRDA:130,2,1,0
BRDA:131,3,0,0
BRDA:131,3,1,0
BRDA:133,4,0,0
BRDA:133,4,1,0
BRDA:134,5,0,0
BRDA:134,5,1,0
BRDA:135,6,0,0
BRDA:135,6,1,0
BRDA:137,7,0,0
BRDA:137,7,1,0
BRDA:139,8,0,0
BRDA:139,8,1,0
BRDA:146,9,0,0
BRDA:146,9,1,0
BRDA:148,10,0,0
BRDA:148,10,1,0
BRDA:160,11,0,0
BRDA:160,11,1,0
BRDA:161,12,0,0
BRDA:161,12,1,0
BRDA:165,13,0,0
BRDA:165,13,1,0
BRDA:167,14,0,0
BRDA:167,14,1,0
BRDA:168,15,0,0
BRDA:168,15,1,0
BRDA:171,16,0,0
BRDA:171,16,1,0
BRDA:173,17,0,0
BRDA:173,17,1,0
BRDA:180,18,0,0
BRDA:183,19,0,0
BRDA:234,20,0,0
BRDA:239,21,0,0
BRDA:239,21,1,0
BRDA:251,22,0,0
BRDA:254,23,0,0
BRDA:274,24,0,0
BRDA:310,25,0,0
BRDA:310,25,1,0
BRDA:327,26,0,0
BRDA:336,27,0,0
BRF:48
BRH:0
end_of_record
TN:
SF:lib/utils.ts
FN:4,cn
FNF:1
FNH:0
FNDA:0,cn
DA:1,0
DA:2,0
DA:4,0
DA:5,0
LF:4
LH:0
BRF:0
BRH:0
end_of_record
TN:
SF:lib/validation-schemas.ts
FN:144,(anonymous_27)
FN:145,(anonymous_28)
FN:149,(anonymous_29)
FN:150,(anonymous_30)
FN:181,(anonymous_31)
FN:196,(anonymous_32)
FN:221,validateRequestBody
FN:233,(anonymous_34)
FN:245,validateQueryParams
FN:258,(anonymous_36)
FNF:10
FNH:0
FNDA:0,(anonymous_27)
FNDA:0,(anonymous_28)
FNDA:0,(anonymous_29)
FNDA:0,(anonymous_30)
FNDA:0,(anonymous_31)
FNDA:0,(anonymous_32)
FNDA:0,validateRequestBody
FNDA:0,(anonymous_34)
FNDA:0,validateQueryParams
FNDA:0,(anonymous_36)
DA:1,0
DA:4,0
DA:9,0
DA:11,0
DA:13,0
DA:23,0
DA:30,0
DA:37,0
DA:42,0
DA:50,0
DA:63,0
DA:71,0
DA:78,0
DA:93,0
DA:114,0
DA:122,0
DA:131,0
DA:141,0
DA:144,0
DA:145,0
DA:149,0
DA:150,0
DA:156,0
DA:168,0
DA:173,0
DA:181,0
DA:186,0
DA:190,0
DA:196,0
DA:202,0
DA:213,0
DA:221,0
DA:225,0
DA:226,0
DA:227,0
DA:229,0
DA:230,0
DA:233,0
DA:237,0
DA:245,0
DA:249,0
DA:250,0
DA:251,0
DA:252,0
DA:254,0
DA:255,0
DA:258,0
DA:262,0
LF:48
LH:0
BRDA:150,0,0,0
BRDA:150,0,1,0
BRDA:229,1,0,0
BRDA:254,2,0,0
BRF:4
BRH:0
end_of_record
TN:
SF:lib/auth/logout.ts
FN:18,(anonymous_3)
FN:87,(anonymous_4)
FN:100,(anonymous_5)
FN:106,(anonymous_6)
FN:132,(anonymous_7)
FN:154,(anonymous_8)
FN:158,(anonymous_9)
FN:159,(anonymous_10)
FN:180,(anonymous_11)
FN:189,(anonymous_12)
FN:208,useLogout
FN:211,(anonymous_14)
FN:218,(anonymous_15)
FNF:13
FNH:0
FNDA:0,(anonymous_3)
FNDA:0,(anonymous_4)
FNDA:0,(anonymous_5)
FNDA:0,(anonymous_6)
FNDA:0,(anonymous_7)
FNDA:0,(anonymous_8)
FNDA:0,(anonymous_9)
FNDA:0,(anonymous_10)
FNDA:0,(anonymous_11)
FNDA:0,(anonymous_12)
FNDA:0,useLogout
FNDA:0,(anonymous_14)
FNDA:0,(anonymous_15)
DA:3,0
DA:4,0
DA:5,0
DA:6,0
DA:14,0
DA:23,0
DA:25,0
DA:27,0
DA:33,0
DA:34,0
DA:37,0
DA:38,0
DA:42,0
DA:43,0
DA:47,0
DA:50,0
DA:56,0
DA:57,0
DA:61,0
DA:69,0
DA:78,0
DA:79,0
DA:88,0
DA:90,0
DA:92,0
DA:100,0
DA:101,0
DA:105,0
DA:106,0
DA:107,0
DA:113,0
DA:117,0
DA:122,0
DA:133,0
DA:135,0
DA:137,0
DA:139,0
DA:144,0
DA:155,0
DA:157,0
DA:158,0
DA:159,0
DA:160,0
DA:165,0
DA:170,0
DA:181,0
DA:183,0
DA:185,0
DA:186,0
DA:189,0
DA:190,0
DA:191,0
DA:192,0
DA:196,0
DA:200,0
DA:201,0
DA:208,0
DA:209,0
DA:211,0
DA:212,0
DA:218,0
DA:219,0
DA:222,0
LF:63
LH:0
BRDA:18,0,0,0
BRDA:20,1,0,0
BRDA:21,2,0,0
BRDA:22,3,0,0
BRDA:37,4,0,0
BRDA:37,5,0,0
BRDA:37,5,1,0
BRDA:42,6,0,0
BRDA:56,7,0,0
BRDA:62,8,0,0
BRDA:62,8,1,0
BRDA:70,9,0,0
BRDA:70,9,1,0
BRDA:78,10,0,0
BRDA:88,11,0,0
BRDA:107,12,0,0
BRDA:108,13,0,0
BRDA:108,13,1,0
BRDA:108,13,2,0
BRDA:108,13,3,0
BRDA:133,14,0,0
BRDA:157,15,0,0
BRDA:157,16,0,0
BRDA:157,16,1,0
BRDA:183,17,0,0
BRDA:191,18,0,0
BRDA:191,18,1,0
BRDA:200,19,0,0
BRDA:211,20,0,0
BRDA:214,21,0,0
BRDA:214,21,1,0
BRF:31
BRH:0
end_of_record
TN:
SF:lib/auth/password-reset.ts
FN:29,(anonymous_3)
FN:69,(anonymous_4)
FN:109,(anonymous_5)
FN:149,usePasswordReset
FN:150,(anonymous_7)
FN:154,(anonymous_8)
FN:166,(anonymous_9)
FNF:7
FNH:0
FNDA:0,(anonymous_3)
FNDA:0,(anonymous_4)
FNDA:0,(anonymous_5)
FNDA:0,usePasswordReset
FNDA:0,(anonymous_7)
FNDA:0,(anonymous_8)
FNDA:0,(anonymous_9)
DA:25,0
DA:32,0
DA:35,0
DA:43,0
DA:45,0
DA:46,0
DA:53,0
DA:58,0
DA:72,0
DA:75,0
DA:83,0
DA:85,0
DA:86,0
DA:93,0
DA:98,0
DA:114,0
DA:117,0
DA:124,0
DA:126,0
DA:127,0
DA:134,0
DA:139,0
DA:149,0
DA:150,0
DA:151,0
DA:154,0
DA:159,0
DA:166,0
DA:167,0
DA:170,0
LF:30
LH:0
BRDA:45,0,0,0
BRDA:49,1,0,0
BRDA:49,1,1,0
BRDA:61,2,0,0
BRDA:61,2,1,0
BRDA:85,3,0,0
BRDA:89,4,0,0
BRDA:89,4,1,0
BRDA:101,5,0,0
BRDA:101,5,1,0
BRDA:126,6,0,0
BRDA:130,7,0,0
BRDA:130,7,1,0
BRDA:142,8,0,0
BRDA:142,8,1,0
BRF:15
BRH:0
end_of_record
TN:
SF:lib/auth/registration.ts
FN:45,(anonymous_3)
FN:87,(anonymous_4)
FN:128,(anonymous_5)
FN:170,(anonymous_6)
FN:211,useRegistration
FN:212,(anonymous_8)
FN:216,(anonymous_9)
FN:220,(anonymous_10)
FN:224,(anonymous_11)
FNF:9
FNH:0
FNDA:0,(anonymous_3)
FNDA:0,(anonymous_4)
FNDA:0,(anonymous_5)
FNDA:0,(anonymous_6)
FNDA:0,useRegistration
FNDA:0,(anonymous_8)
FNDA:0,(anonymous_9)
FNDA:0,(anonymous_10)
FNDA:0,(anonymous_11)
DA:41,0
DA:48,0
DA:51,0
DA:59,0
DA:61,0
DA:62,0
DA:69,0
DA:76,0
DA:90,0
DA:93,0
DA:101,0
DA:103,0
DA:104,0
DA:111,0
DA:117,0
DA:133,0
DA:136,0
DA:144,0
DA:146,0
DA:147,0
DA:154,0
DA:159,0
DA:175,0
DA:178,0
DA:186,0
DA:188,0
DA:189,0
DA:196,0
DA:201,0
DA:211,0
DA:212,0
DA:213,0
DA:216,0
DA:217,0
DA:220,0
DA:221,0
DA:224,0
DA:225,0
DA:228,0
LF:39
LH:0
BRDA:61,0,0,0
BRDA:65,1,0,0
BRDA:65,1,1,0
BRDA:79,2,0,0
BRDA:79,2,1,0
BRDA:103,3,0,0
BRDA:107,4,0,0
BRDA:107,4,1,0
BRDA:120,5,0,0
BRDA:120,5,1,0
BRDA:146,6,0,0
BRDA:150,7,0,0
BRDA:150,7,1,0
BRDA:162,8,0,0
BRDA:162,8,1,0
BRDA:188,9,0,0
BRDA:192,10,0,0
BRDA:192,10,1,0
BRDA:204,11,0,0
BRDA:204,11,1,0
BRF:20
BRH:0
end_of_record
TN:
SF:lib/auth/social-auth.ts
FN:52,(anonymous_4)
FN:60,(anonymous_5)
FN:107,(anonymous_6)
FN:117,(anonymous_7)
FN:133,(anonymous_8)
FN:134,(anonymous_9)
FN:140,(anonymous_10)
FN:141,(anonymous_11)
FN:147,useSocialAuth
FN:148,(anonymous_13)
FN:158,(anonymous_14)
FN:162,(anonymous_15)
FN:166,(anonymous_16)
FNF:13
FNH:0
FNDA:0,(anonymous_4)
FNDA:0,(anonymous_5)
FNDA:0,(anonymous_6)
FNDA:0,(anonymous_7)
FNDA:0,(anonymous_8)
FNDA:0,(anonymous_9)
FNDA:0,(anonymous_10)
FNDA:0,(anonymous_11)
FNDA:0,useSocialAuth
FNDA:0,(anonymous_13)
FNDA:0,(anonymous_14)
FNDA:0,(anonymous_15)
FNDA:0,(anonymous_16)
DA:13,0
DA:48,0
DA:59,0
DA:60,0
DA:62,0
DA:63,0
DA:69,0
DA:70,0
DA:84,0
DA:86,0
DA:87,0
DA:93,0
DA:97,0
DA:108,0
DA:117,0
DA:119,0
DA:123,0
DA:134,0
DA:141,0
DA:142,0
DA:147,0
DA:148,0
DA:155,0
DA:158,0
DA:159,0
DA:162,0
DA:163,0
DA:166,0
DA:167,0
DA:170,0
LF:30
LH:0
BRDA:19,0,0,0
BRDA:19,0,1,0
BRDA:26,1,0,0
BRDA:26,1,1,0
BRDA:33,2,0,0
BRDA:33,2,1,0
BRDA:62,3,0,0
BRDA:69,4,0,0
BRDA:86,5,0,0
BRDA:99,6,0,0
BRDA:99,6,1,0
BRDA:125,7,0,0
BRDA:125,7,1,0
BRDA:142,8,0,0
BRDA:142,8,1,0
BRF:15
BRH:0
end_of_record
TN:
SF:lib/mock-api/mock-api-service.ts
FN:41,(anonymous_4)
FN:54,(anonymous_5)
FN:62,(anonymous_6)
FN:63,(anonymous_7)
FN:67,(anonymous_8)
FN:72,(anonymous_9)
FN:77,(anonymous_10)
FN:81,(anonymous_11)
FN:95,(anonymous_12)
FN:107,(anonymous_13)
FN:123,(anonymous_14)
FN:144,(anonymous_15)
FN:157,(anonymous_16)
FN:175,(anonymous_17)
FN:187,(anonymous_18)
FN:206,(anonymous_19)
FN:210,(anonymous_20)
FN:214,(anonymous_21)
FN:218,(anonymous_22)
FN:222,(anonymous_23)
FN:229,(anonymous_24)
FN:233,(anonymous_25)
FN:240,(anonymous_26)
FN:244,(anonymous_27)
FN:248,(anonymous_28)
FN:254,(anonymous_29)
FN:260,(anonymous_30)
FN:271,(anonymous_31)
FN:296,(anonymous_32)
FN:300,(anonymous_33)
FN:312,(anonymous_34)
FN:316,(anonymous_35)
FN:322,(anonymous_36)
FN:328,(anonymous_37)
FN:344,(anonymous_38)
FN:347,(anonymous_39)
FN:355,(anonymous_40)
FN:357,(anonymous_41)
FN:360,(anonymous_42)
FN:366,(anonymous_43)
FN:375,(anonymous_44)
FN:390,(anonymous_45)
FN:394,(anonymous_46)
FN:401,(anonymous_47)
FN:412,(anonymous_48)
FN:413,(anonymous_49)
FN:415,(anonymous_50)
FN:417,(anonymous_51)
FN:419,(anonymous_52)
FN:428,(anonymous_53)
FN:431,(anonymous_54)
FN:455,(anonymous_55)
FN:459,(anonymous_56)
FN:465,(anonymous_57)
FN:475,(anonymous_58)
FN:479,(anonymous_59)
FN:484,(anonymous_60)
FN:505,(anonymous_61)
FN:509,(anonymous_62)
FN:515,(anonymous_63)
FNF:60
FNH:0
FNDA:0,(anonymous_4)
FNDA:0,(anonymous_5)
FNDA:0,(anonymous_6)
FNDA:0,(anonymous_7)
FNDA:0,(anonymous_8)
FNDA:0,(anonymous_9)
FNDA:0,(anonymous_10)
FNDA:0,(anonymous_11)
FNDA:0,(anonymous_12)
FNDA:0,(anonymous_13)
FNDA:0,(anonymous_14)
FNDA:0,(anonymous_15)
FNDA:0,(anonymous_16)
FNDA:0,(anonymous_17)
FNDA:0,(anonymous_18)
FNDA:0,(anonymous_19)
FNDA:0,(anonymous_20)
FNDA:0,(anonymous_21)
FNDA:0,(anonymous_22)
FNDA:0,(anonymous_23)
FNDA:0,(anonymous_24)
FNDA:0,(anonymous_25)
FNDA:0,(anonymous_26)
FNDA:0,(anonymous_27)
FNDA:0,(anonymous_28)
FNDA:0,(anonymous_29)
FNDA:0,(anonymous_30)
FNDA:0,(anonymous_31)
FNDA:0,(anonymous_32)
FNDA:0,(anonymous_33)
FNDA:0,(anonymous_34)
FNDA:0,(anonymous_35)
FNDA:0,(anonymous_36)
FNDA:0,(anonymous_37)
FNDA:0,(anonymous_38)
FNDA:0,(anonymous_39)
FNDA:0,(anonymous_40)
FNDA:0,(anonymous_41)
FNDA:0,(anonymous_42)
FNDA:0,(anonymous_43)
FNDA:0,(anonymous_44)
FNDA:0,(anonymous_45)
FNDA:0,(anonymous_46)
FNDA:0,(anonymous_47)
FNDA:0,(anonymous_48)
FNDA:0,(anonymous_49)
FNDA:0,(anonymous_50)
FNDA:0,(anonymous_51)
FNDA:0,(anonymous_52)
FNDA:0,(anonymous_53)
FNDA:0,(anonymous_54)
FNDA:0,(anonymous_55)
FNDA:0,(anonymous_56)
FNDA:0,(anonymous_57)
FNDA:0,(anonymous_58)
FNDA:0,(anonymous_59)
FNDA:0,(anonymous_60)
FNDA:0,(anonymous_61)
FNDA:0,(anonymous_62)
FNDA:0,(anonymous_63)
DA:13,0
DA:14,0
DA:15,0
DA:16,0
DA:17,0
DA:18,0
DA:19,0
DA:20,0
DA:28,0
DA:42,0
DA:55,0
DA:56,0
DA:58,0
DA:63,0
DA:68,0
DA:76,0
DA:77,0
DA:85,0
DA:87,0
DA:88,0
DA:91,0
DA:92,0
DA:100,0
DA:102,0
DA:103,0
DA:106,0
DA:107,0
DA:109,0
DA:112,0
DA:117,0
DA:120,0
DA:128,0
DA:130,0
DA:131,0
DA:134,0
DA:140,0
DA:141,0
DA:150,0
DA:152,0
DA:153,0
DA:156,0
DA:157,0
DA:159,0
DA:162,0
DA:163,0
DA:168,0
DA:171,0
DA:172,0
DA:180,0
DA:182,0
DA:183,0
DA:186,0
DA:187,0
DA:189,0
DA:192,0
DA:193,0
DA:198,0
DA:201,0
DA:202,0
DA:207,0
DA:211,0
DA:215,0
DA:219,0
DA:226,0
DA:230,0
DA:237,0
DA:241,0
DA:245,0
DA:249,0
DA:250,0
DA:258,0
DA:260,0
DA:261,0
DA:262,0
DA:266,0
DA:267,0
DA:271,0
DA:272,0
DA:287,0
DA:288,0
DA:290,0
DA:293,0
DA:297,0
DA:299,0
DA:300,0
DA:302,0
DA:303,0
DA:307,0
DA:308,0
DA:309,0
DA:312,0
DA:313,0
DA:319,0
DA:321,0
DA:322,0
DA:324,0
DA:325,0
DA:328,0
DA:329,0
DA:330,0
DA:334,0
DA:335,0
DA:336,0
DA:339,0
DA:341,0
DA:345,0
DA:347,0
DA:348,0
DA:349,0
DA:350,0
DA:352,0
DA:356,0
DA:357,0
DA:364,0
DA:366,0
DA:367,0
DA:368,0
DA:371,0
DA:372,0
DA:377,0
DA:378,0
DA:387,0
DA:391,0
DA:395,0
DA:396,0
DA:397,0
DA:402,0
DA:404,0
DA:405,0
DA:406,0
DA:407,0
DA:408,0
DA:411,0
DA:412,0
DA:413,0
DA:415,0
DA:416,0
DA:417,0
DA:419,0
DA:421,0
DA:429,0
DA:431,0
DA:456,0
DA:459,0
DA:465,0
DA:476,0
DA:479,0
DA:485,0
DA:487,0
DA:489,0
DA:491,0
DA:493,0
DA:495,0
DA:497,0
DA:499,0
DA:501,0
DA:506,0
DA:510,0
DA:511,0
DA:512,0
DA:516,0
DA:517,0
DA:518,0
DA:519,0
DA:520,0
DA:525,0
LF:166
LH:0
BRDA:55,0,0,0
BRDA:62,1,0,0
BRDA:67,2,0,0
BRDA:76,3,0,0
BRDA:83,4,0,0
BRDA:87,5,0,0
BRDA:98,6,0,0
BRDA:102,7,0,0
BRDA:109,8,0,0
BRDA:112,9,0,0
BRDA:113,10,0,0
BRDA:113,10,1,0
BRDA:113,10,2,0
BRDA:126,11,0,0
BRDA:130,12,0,0
BRDA:137,13,0,0
BRDA:137,13,1,0
BRDA:148,14,0,0
BRDA:152,15,0,0
BRDA:159,16,0,0
BRDA:163,17,0,0
BRDA:164,18,0,0
BRDA:164,18,1,0
BRDA:164,18,2,0
BRDA:178,19,0,0
BRDA:182,20,0,0
BRDA:189,21,0,0
BRDA:193,22,0,0
BRDA:194,23,0,0
BRDA:194,23,1,0
BRDA:194,23,2,0
BRDA:261,24,0,0
BRDA:261,25,0,0
BRDA:261,25,1,0
BRDA:266,26,0,0
BRDA:266,27,0,0
BRDA:266,27,1,0
BRDA:272,28,0,0
BRDA:272,28,1,0
BRDA:287,29,0,0
BRDA:287,29,1,0
BRDA:300,30,0,0
BRDA:300,30,1,0
BRDA:302,31,0,0
BRDA:307,32,0,0
BRDA:313,33,0,0
BRDA:313,33,1,0
BRDA:322,34,0,0
BRDA:322,34,1,0
BRDA:324,35,0,0
BRDA:329,36,0,0
BRDA:348,37,0,0
BRDA:357,38,0,0
BRDA:357,38,1,0
BRDA:367,39,0,0
BRDA:412,40,0,0
BRDA:412,40,1,0
BRDA:429,41,0,0
BRDA:429,41,1,0
BRDA:456,42,0,0
BRDA:456,42,1,0
BRDA:485,43,0,0
BRDA:485,43,1,0
BRDA:485,43,2,0
BRDA:485,43,3,0
BRDA:485,43,4,0
BRDA:485,43,5,0
BRDA:485,43,6,0
BRDA:485,43,7,0
BRDA:517,44,0,0
BRDA:518,45,0,0
BRDA:519,46,0,0
BRF:72
BRH:0
end_of_record
TN:
SF:stores/auth-store.ts
FN:40,(anonymous_1)
FN:50,(anonymous_2)
FN:89,(anonymous_3)
FN:107,(anonymous_4)
FN:141,(anonymous_5)
FN:181,(anonymous_6)
FN:185,(anonymous_7)
FN:189,(anonymous_8)
FN:193,(anonymous_9)
FN:197,(anonymous_10)
FN:201,(anonymous_11)
FN:205,(anonymous_12)
FN:208,(anonymous_13)
FN:213,(anonymous_14)
FN:220,(anonymous_15)
FNF:15
FNH:1
FNDA:1,(anonymous_1)
FNDA:0,(anonymous_2)
FNDA:0,(anonymous_3)
FNDA:0,(anonymous_4)
FNDA:0,(anonymous_5)
FNDA:0,(anonymous_6)
FNDA:0,(anonymous_7)
FNDA:0,(anonymous_8)
FNDA:0,(anonymous_9)
FNDA:0,(anonymous_10)
FNDA:0,(anonymous_11)
FNDA:0,(anonymous_12)
FNDA:0,(anonymous_13)
FNDA:0,(anonymous_14)
FNDA:0,(anonymous_15)
DA:1,1
DA:2,1
DA:10,1
DA:38,1
DA:40,1
DA:51,0
DA:53,0
DA:54,0
DA:62,0
DA:64,0
DA:65,0
DA:68,0
DA:69,0
DA:78,0
DA:81,0
DA:85,0
DA:90,0
DA:91,0
DA:95,0
DA:98,0
DA:108,0
DA:109,0
DA:111,0
DA:112,0
DA:120,0
DA:122,0
DA:123,0
DA:126,0
DA:127,0
DA:132,0
DA:136,0
DA:137,0
DA:142,0
DA:143,0
DA:145,0
DA:147,0
DA:148,0
DA:156,0
DA:158,0
DA:159,0
DA:162,0
DA:163,0
DA:169,0
DA:172,0
DA:177,0
DA:182,0
DA:186,0
DA:190,0
DA:194,0
DA:198,0
DA:202,0
DA:206,0
DA:207,0
DA:209,0
DA:214,0
DA:215,0
DA:220,0
LF:57
LH:5
BRDA:64,0,0,0
BRDA:65,1,0,0
BRDA:65,1,1,0
BRDA:68,2,0,0
BRDA:68,2,1,0
BRDA:73,3,0,0
BRDA:73,3,1,0
BRDA:83,4,0,0
BRDA:83,4,1,0
BRDA:109,5,0,0
BRDA:122,6,0,0
BRDA:123,7,0,0
BRDA:123,7,1,0
BRDA:126,8,0,0
BRDA:126,8,1,0
BRDA:143,9,0,0
BRDA:143,10,0,0
BRDA:143,10,1,0
BRDA:158,11,0,0
BRDA:159,12,0,0
BRDA:159,12,1,0
BRDA:162,13,0,0
BRDA:162,13,1,0
BRDA:175,14,0,0
BRDA:175,14,1,0
BRDA:209,15,0,0
BRDA:209,15,1,0
BRF:27
BRH:0
end_of_record
TN:
SF:stores/settings-store.ts
FN:388,(anonymous_11)
FN:400,(anonymous_12)
FN:404,(anonymous_13)
FN:408,(anonymous_14)
FN:412,(anonymous_15)
FN:416,(anonymous_16)
FN:420,(anonymous_17)
FN:421,(anonymous_18)
FN:427,(anonymous_19)
FN:428,(anonymous_20)
FN:442,(anonymous_21)
FN:446,(anonymous_22)
FN:447,(anonymous_23)
FN:450,(anonymous_24)
FN:456,(anonymous_25)
FN:460,(anonymous_26)
FN:469,(anonymous_27)
FN:475,(anonymous_28)
FN:485,(anonymous_29)
FN:486,(anonymous_30)
FN:487,(anonymous_31)
FN:487,(anonymous_32)
FN:488,(anonymous_33)
FN:489,(anonymous_34)
FN:490,(anonymous_35)
FN:491,(anonymous_36)
FN:492,(anonymous_37)
FN:493,(anonymous_38)
FN:494,(anonymous_39)
FN:495,(anonymous_40)
FN:496,(anonymous_41)
FN:497,(anonymous_42)
FN:498,(anonymous_43)
FN:499,(anonymous_44)
FN:502,(anonymous_45)
FN:503,(anonymous_46)
FN:504,(anonymous_47)
FN:505,(anonymous_48)
FN:506,(anonymous_49)
FN:508,(anonymous_50)
FN:510,(anonymous_51)
FN:511,(anonymous_52)
FN:513,(anonymous_53)
FN:516,(anonymous_54)
FN:519,(anonymous_55)
FN:521,(anonymous_56)
FN:523,(anonymous_57)
FNF:47
FNH:0
FNDA:0,(anonymous_11)
FNDA:0,(anonymous_12)
FNDA:0,(anonymous_13)
FNDA:0,(anonymous_14)
FNDA:0,(anonymous_15)
FNDA:0,(anonymous_16)
FNDA:0,(anonymous_17)
FNDA:0,(anonymous_18)
FNDA:0,(anonymous_19)
FNDA:0,(anonymous_20)
FNDA:0,(anonymous_21)
FNDA:0,(anonymous_22)
FNDA:0,(anonymous_23)
FNDA:0,(anonymous_24)
FNDA:0,(anonymous_25)
FNDA:0,(anonymous_26)
FNDA:0,(anonymous_27)
FNDA:0,(anonymous_28)
FNDA:0,(anonymous_29)
FNDA:0,(anonymous_30)
FNDA:0,(anonymous_31)
FNDA:0,(anonymous_32)
FNDA:0,(anonymous_33)
FNDA:0,(anonymous_34)
FNDA:0,(anonymous_35)
FNDA:0,(anonymous_36)
FNDA:0,(anonymous_37)
FNDA:0,(anonymous_38)
FNDA:0,(anonymous_39)
FNDA:0,(anonymous_40)
FNDA:0,(anonymous_41)
FNDA:0,(anonymous_42)
FNDA:0,(anonymous_43)
FNDA:0,(anonymous_44)
FNDA:0,(anonymous_45)
FNDA:0,(anonymous_46)
FNDA:0,(anonymous_47)
FNDA:0,(anonymous_48)
FNDA:0,(anonymous_49)
FNDA:0,(anonymous_50)
FNDA:0,(anonymous_51)
FNDA:0,(anonymous_52)
FNDA:0,(anonymous_53)
FNDA:0,(anonymous_54)
FNDA:0,(anonymous_55)
FNDA:0,(anonymous_56)
FNDA:0,(anonymous_57)
DA:1,0
DA:2,0
DA:28,0
DA:386,0
DA:388,0
DA:401,0
DA:405,0
DA:409,0
DA:413,0
DA:417,0
DA:421,0
DA:428,0
DA:443,0
DA:447,0
DA:448,0
DA:449,0
DA:450,0
DA:452,0
DA:457,0
DA:461,0
DA:470,0
DA:475,0
DA:485,0
DA:486,0
DA:487,0
DA:488,0
DA:489,0
DA:490,0
DA:491,0
DA:492,0
DA:493,0
DA:494,0
DA:495,0
DA:496,0
DA:497,0
DA:498,0
DA:499,0
DA:502,0
DA:503,0
DA:504,0
DA:505,0
DA:506,0
DA:507,0
DA:508,0
DA:510,0
DA:511,0
DA:512,0
DA:513,0
DA:515,0
DA:516,0
DA:518,0
DA:519,0
DA:521,0
DA:522,0
DA:523,0
DA:526,0
LF:56
LH:0
BRDA:431,0,0,0
BRDA:431,0,1,0
BRDA:433,1,0,0
BRDA:433,1,1,0
BRDA:449,2,0,0
BRDA:449,2,1,0
BRF:6
BRH:0
end_of_record
TN:
SF:stores/tenant-store.ts
FN:40,(anonymous_1)
FN:52,(anonymous_2)
FN:63,(anonymous_3)
FN:76,(anonymous_4)
FN:89,(anonymous_5)
FN:102,(anonymous_6)
FN:106,(anonymous_7)
FN:110,(anonymous_8)
FN:114,(anonymous_9)
FN:126,(anonymous_10)
FN:127,(anonymous_11)
FN:134,(anonymous_12)
FN:138,(anonymous_13)
FN:142,(anonymous_14)
FN:143,(anonymous_15)
FN:152,(anonymous_16)
FNF:16
FNH:1
FNDA:2,(anonymous_1)
FNDA:0,(anonymous_2)
FNDA:0,(anonymous_3)
FNDA:0,(anonymous_4)
FNDA:0,(anonymous_5)
FNDA:0,(anonymous_6)
FNDA:0,(anonymous_7)
FNDA:0,(anonymous_8)
FNDA:0,(anonymous_9)
FNDA:0,(anonymous_10)
FNDA:0,(anonymous_11)
FNDA:0,(anonymous_12)
FNDA:0,(anonymous_13)
FNDA:0,(anonymous_14)
FNDA:0,(anonymous_15)
FNDA:0,(anonymous_16)
DA:1,2
DA:2,2
DA:38,2
DA:40,2
DA:53,0
DA:64,0
DA:65,0
DA:67,0
DA:68,0
DA:70,0
DA:77,0
DA:78,0
DA:80,0
DA:81,0
DA:83,0
DA:90,0
DA:91,0
DA:93,0
DA:94,0
DA:96,0
DA:103,0
DA:107,0
DA:111,0
DA:115,0
DA:127,0
DA:128,0
DA:129,0
DA:130,0
DA:135,0
DA:139,0
DA:143,0
DA:144,0
DA:145,0
DA:146,0
DA:152,0
LF:35
LH:4
BRDA:65,0,0,0
BRDA:78,1,0,0
BRDA:91,2,0,0
BRF:3
BRH:0
end_of_record
TN:
SF:stores/ui-store.ts
FN:29,(anonymous_1)
FN:38,(anonymous_2)
FN:59,(anonymous_3)
FN:60,(anonymous_4)
FN:63,(anonymous_5)
FN:67,(anonymous_6)
FN:74,(anonymous_7)
FN:80,(anonymous_8)
FN:86,(anonymous_9)
FN:87,(anonymous_10)
FN:89,(anonymous_11)
FN:94,(anonymous_12)
FN:98,(anonymous_13)
FN:102,(anonymous_14)
FN:106,(anonymous_15)
FN:112,(anonymous_16)
FNF:16
FNH:0
FNDA:0,(anonymous_1)
FNDA:0,(anonymous_2)
FNDA:0,(anonymous_3)
FNDA:0,(anonymous_4)
FNDA:0,(anonymous_5)
FNDA:0,(anonymous_6)
FNDA:0,(anonymous_7)
FNDA:0,(anonymous_8)
FNDA:0,(anonymous_9)
FNDA:0,(anonymous_10)
FNDA:0,(anonymous_11)
FNDA:0,(anonymous_12)
FNDA:0,(anonymous_13)
FNDA:0,(anonymous_14)
FNDA:0,(anonymous_15)
FNDA:0,(anonymous_16)
DA:1,0
DA:2,0
DA:27,0
DA:29,0
DA:39,0
DA:42,0
DA:43,0
DA:44,0
DA:46,0
DA:47,0
DA:52,0
DA:54,0
DA:60,0
DA:64,0
DA:68,0
DA:69,0
DA:74,0
DA:79,0
DA:80,0
DA:81,0
DA:87,0
DA:89,0
DA:95,0
DA:99,0
DA:103,0
DA:107,0
DA:112,0
LF:27
LH:0
BRDA:42,0,0,0
BRDA:46,1,0,0
BRDA:46,1,1,0
BRDA:47,2,0,0
BRDA:47,2,1,0
BRDA:79,3,0,0
BRDA:82,4,0,0
BRDA:82,4,1,0
BRF:8
BRH:0
end_of_record
